2025-11-29 19:50:20,468 [INFO] SLURM_ARRAY_TASK_ID: 2
2025-11-29 19:50:20,468 [INFO] SLURM_ARRAY_TASK_COUNT: 5
2025-11-29 19:50:30,438 [INFO] Total number of assemblies: 1958
2025-11-29 19:50:31,579 [INFO] Finished inserting GCF_044499405.1
2025-11-29 19:50:32,121 [INFO] Finished inserting GCF_030503875.2
2025-11-29 19:50:32,777 [INFO] Finished inserting GCF_022344005.1
2025-11-29 19:50:33,846 [INFO] Finished inserting GCF_029215895.1
2025-11-29 19:50:34,446 [INFO] Finished inserting GCF_026104355.1
2025-11-29 19:50:35,163 [INFO] Finished inserting GCA_035238425.1
2025-11-29 19:50:35,671 [INFO] Finished inserting GCF_019891395.1
2025-11-29 19:50:36,453 [INFO] Finished inserting GCF_023375565.1
2025-11-29 19:50:36,916 [INFO] Finished inserting GCA_043838375.1
2025-11-29 19:50:37,091 [INFO] Finished inserting GCA_016700095.1
2025-11-29 19:50:38,252 [INFO] Finished inserting GCF_011604505.1
2025-11-29 19:50:38,950 [INFO] Finished inserting GCA_040084665.1
2025-11-29 19:50:39,394 [INFO] Finished inserting GCF_045061065.1
2025-11-29 19:50:40,474 [INFO] Finished inserting GCF_035658475.1
2025-11-29 19:50:41,565 [INFO] Finished inserting GCF_030388325.1
2025-11-29 19:50:42,412 [INFO] Finished inserting GCA_040822005.1
2025-11-29 19:50:43,306 [INFO] Finished inserting GCA_023612115.1
2025-11-29 19:50:44,364 [INFO] Finished inserting GCF_045690365.1
2025-11-29 19:50:44,743 [INFO] Finished inserting GCF_022936085.1
2025-11-29 19:50:45,504 [INFO] Finished inserting GCF_036894365.1
2025-11-29 19:50:46,361 [INFO] Finished inserting GCF_030123105.1
2025-11-29 19:50:47,951 [INFO] Finished inserting GCF_030264295.1
2025-11-29 19:50:48,673 [INFO] Finished inserting GCF_044500595.1
2025-11-29 19:50:49,354 [INFO] Finished inserting GCF_022317005.1
2025-11-29 19:50:49,946 [INFO] Finished inserting GCF_004785625.2
2025-11-29 19:50:50,561 [INFO] Finished inserting GCF_029869925.1
2025-11-29 19:50:51,025 [INFO] Finished inserting GCF_022429645.1
2025-11-29 19:50:51,646 [INFO] Finished inserting GCF_038442735.1
2025-11-29 19:50:52,336 [INFO] Finished inserting GCF_963853665.1
2025-11-29 19:50:52,954 [INFO] Finished inserting GCF_022591595.1
2025-11-29 19:50:53,390 [INFO] Finished inserting GCF_022370455.1
2025-11-29 19:50:54,020 [INFO] Finished inserting GCF_045002895.1
2025-11-29 19:50:54,906 [INFO] Finished inserting GCF_014596895.2
2025-11-29 19:50:55,650 [INFO] Finished inserting GCF_040058975.1
2025-11-29 19:50:56,660 [INFO] Finished inserting GCF_020405165.1
2025-11-29 19:50:58,096 [INFO] Finished inserting GCF_022385335.1
2025-11-29 19:50:58,971 [INFO] Finished inserting GCA_042140115.1
2025-11-29 19:50:59,173 [INFO] Finished inserting GCA_016699245.1
2025-11-29 19:50:59,576 [INFO] Finished inserting GCF_030012905.1
2025-11-29 19:50:59,878 [INFO] Finished inserting GCF_000708635.2
2025-11-29 19:51:00,885 [INFO] Finished inserting GCF_045348645.1
2025-11-29 19:51:01,254 [INFO] Finished inserting GCF_022870965.1
2025-11-29 19:51:02,182 [INFO] Finished inserting GCF_030123505.1
2025-11-29 19:51:03,230 [INFO] Finished inserting GCF_024123875.1
2025-11-29 19:51:03,967 [INFO] Finished inserting GCF_019222725.1
2025-11-29 19:51:04,995 [INFO] Finished inserting GCF_029906565.1
2025-11-29 19:51:05,406 [INFO] Finished inserting GCF_016455205.1
2025-11-29 19:51:05,902 [INFO] Finished inserting GCF_044501775.1
2025-11-29 19:51:06,795 [INFO] Finished inserting GCF_021398955.1
2025-11-29 19:51:07,443 [INFO] Finished inserting GCF_042140175.1
2025-11-29 19:51:08,093 [INFO] Finished inserting GCF_016919545.1
2025-11-29 19:51:08,437 [INFO] Finished inserting GCF_043161975.1
2025-11-29 19:51:08,918 [INFO] Finished inserting GCF_016458825.1
2025-11-29 19:51:09,458 [INFO] Finished inserting GCF_030295425.1
2025-11-29 19:51:10,337 [INFO] Finished inserting GCF_040499845.1
2025-11-29 19:51:11,179 [INFO] Finished inserting GCF_037126175.1
2025-11-29 19:51:12,327 [INFO] Finished inserting GCA_034636615.1
2025-11-29 19:51:12,621 [INFO] Finished inserting GCA_014467095.1
2025-11-29 19:51:13,475 [INFO] Finished inserting GCF_045159825.1
2025-11-29 19:51:14,268 [INFO] Finished inserting GCF_026898155.1
2025-11-29 19:51:14,924 [INFO] Finished inserting GCF_031954525.1
2025-11-29 19:51:16,166 [INFO] Finished inserting GCF_042751225.1
2025-11-29 19:51:17,047 [INFO] Finished inserting GCF_021513195.1
2025-11-29 19:51:17,581 [INFO] Finished inserting GCA_028370155.1
2025-11-29 19:51:18,114 [INFO] Finished inserting GCF_034347385.1
2025-11-29 19:51:19,086 [INFO] Finished inserting GCA_004295565.1
2025-11-29 19:51:20,130 [INFO] Finished inserting GCF_045013505.1
2025-11-29 19:51:20,455 [INFO] Finished inserting GCF_041897555.1
2025-11-29 19:51:21,586 [INFO] Finished inserting GCF_016772475.1
2025-11-29 19:51:22,225 [INFO] Finished inserting GCF_021582895.2
2025-11-29 19:51:23,079 [INFO] Finished inserting GCF_025452215.1
2025-11-29 19:51:23,871 [INFO] Finished inserting GCF_023277945.1
2025-11-29 19:51:24,456 [INFO] Finished inserting GCF_039556175.1
2025-11-29 19:51:24,772 [INFO] Finished inserting GCF_021957045.1
2025-11-29 19:51:25,144 [INFO] Finished inserting GCF_023614525.1
2025-11-29 19:51:25,669 [INFO] Finished inserting GCF_033193315.1
2025-11-29 19:51:25,935 [INFO] Finished inserting GCF_020883435.1
2025-11-29 19:51:26,712 [INFO] Finished inserting GCF_040438935.1
2025-11-29 19:51:27,480 [INFO] Finished inserting GCF_020616615.1
2025-11-29 19:51:28,213 [INFO] Finished inserting GCF_041504345.1
2025-11-29 19:51:28,689 [INFO] Finished inserting GCF_030296675.1
2025-11-29 19:51:29,296 [INFO] Finished inserting GCF_019884785.1
2025-11-29 19:51:29,583 [INFO] Finished inserting GCF_021432185.1
2025-11-29 19:51:30,677 [INFO] Finished inserting GCF_045070545.1
2025-11-29 19:51:30,961 [INFO] Finished inserting GCF_040790705.1
2025-11-29 19:51:32,281 [INFO] Finished inserting GCF_014274465.1
2025-11-29 19:51:32,988 [INFO] Finished inserting GCF_042473625.1
2025-11-29 19:51:34,053 [INFO] Finished inserting GCF_042019905.1
2025-11-29 19:51:34,858 [INFO] Finished inserting GCF_041154595.1
2025-11-29 19:51:35,482 [INFO] Finished inserting GCF_038443705.2
2025-11-29 19:51:36,695 [INFO] Finished inserting GCF_027625935.1
2025-11-29 19:51:37,349 [INFO] Finished inserting GCF_037023735.1
2025-11-29 19:51:38,145 [INFO] Finished inserting GCF_014189505.1
2025-11-29 19:51:38,684 [INFO] Finished inserting GCF_042434915.1
2025-11-29 19:51:39,515 [INFO] Finished inserting GCF_035610385.1
2025-11-29 19:51:39,952 [INFO] Finished inserting GCF_022809755.1
2025-11-29 19:51:40,607 [INFO] Finished inserting GCF_036865535.1
2025-11-29 19:51:41,074 [INFO] Finished inserting GCF_029639405.1
2025-11-29 19:51:41,914 [INFO] Finished inserting GCF_028010285.1
2025-11-29 19:51:42,693 [INFO] Finished inserting GCF_045586155.1
2025-11-29 19:51:42,973 [INFO] Finished inserting GCF_000466925.3
2025-11-29 19:51:43,684 [INFO] Finished inserting GCA_023374955.1
2025-11-29 19:51:45,112 [INFO] Finished inserting GCF_037071415.1
2025-11-29 19:51:45,741 [INFO] Finished inserting GCF_000807775.2
2025-11-29 19:51:46,269 [INFO] Finished inserting GCF_024703955.2
2025-11-29 19:51:47,013 [INFO] Finished inserting GCF_029625495.1
2025-11-29 19:51:47,639 [INFO] Finished inserting GCF_026014005.1
2025-11-29 19:51:48,265 [INFO] Finished inserting GCF_028622835.1
2025-11-29 19:51:49,104 [INFO] Finished inserting GCA_029961725.1
2025-11-29 19:51:50,155 [INFO] Finished inserting GCF_022385315.1
2025-11-29 19:51:50,783 [INFO] Finished inserting GCF_032773895.1
2025-11-29 19:51:51,164 [INFO] Finished inserting GCF_044596715.1
2025-11-29 19:51:51,485 [INFO] Finished inserting GCF_029492705.2
2025-11-29 19:51:52,276 [INFO] Finished inserting GCF_015910325.1
2025-11-29 19:51:52,855 [INFO] Finished inserting GCF_003008475.2
2025-11-29 19:51:53,484 [INFO] Finished inserting GCF_045712965.1
2025-11-29 19:51:54,048 [INFO] Finished inserting GCF_033194995.1
2025-11-29 19:51:54,527 [INFO] Finished inserting GCF_037913045.1
2025-11-29 19:51:54,961 [INFO] Finished inserting GCA_017134815.1
2025-11-29 19:51:55,636 [INFO] Finished inserting GCF_026104315.1
2025-11-29 19:51:56,616 [INFO] Finished inserting GCF_045571485.1
2025-11-29 19:51:57,061 [INFO] Finished inserting GCF_042492175.1
2025-11-29 19:51:58,358 [INFO] Finished inserting GCF_041080655.1
2025-11-29 19:51:59,426 [INFO] Finished inserting GCF_011046535.1
2025-11-29 19:52:00,372 [INFO] Finished inserting GCF_026278345.1
2025-11-29 19:52:01,192 [INFO] Finished inserting GCF_034353045.1
2025-11-29 19:52:01,579 [INFO] Finished inserting GCF_013394385.1
2025-11-29 19:52:02,133 [INFO] Finished inserting GCF_014400405.1
2025-11-29 19:52:02,508 [INFO] Finished inserting GCF_030406725.1
2025-11-29 19:52:03,436 [INFO] Finished inserting GCF_029536165.1
2025-11-29 19:52:03,970 [INFO] Finished inserting GCA_042847045.1
2025-11-29 19:52:04,840 [INFO] Finished inserting GCF_042701485.1
2025-11-29 19:52:05,646 [INFO] Finished inserting GCF_020149545.1
2025-11-29 19:52:05,901 [INFO] Finished inserting GCF_029542645.1
2025-11-29 19:52:06,397 [INFO] Finished inserting GCF_044594915.1
2025-11-29 19:52:06,929 [INFO] Finished inserting GCF_032923285.1
2025-11-29 19:52:07,505 [INFO] Finished inserting GCF_019774515.1
2025-11-29 19:52:08,065 [INFO] Finished inserting GCF_030291115.1
2025-11-29 19:52:08,813 [INFO] Finished inserting GCF_026109755.1
2025-11-29 19:52:09,283 [INFO] Finished inserting GCF_026013725.1
2025-11-29 19:52:09,517 [INFO] Finished inserting GCF_030250365.2
2025-11-29 19:52:10,089 [INFO] Finished inserting GCF_030582015.1
2025-11-29 19:52:10,761 [INFO] Finished inserting GCF_031199375.1
2025-11-29 19:52:11,357 [INFO] Finished inserting GCF_032922745.1
2025-11-29 19:52:12,122 [INFO] Finished inserting GCF_029320955.1
2025-11-29 19:52:12,384 [INFO] Finished inserting GCF_013458815.1
2025-11-29 19:52:12,872 [INFO] Finished inserting GCF_030020345.1
2025-11-29 19:52:13,461 [INFO] Finished inserting GCF_024296865.1
2025-11-29 19:52:14,528 [INFO] Finished inserting GCF_023823915.1
2025-11-29 19:52:14,929 [INFO] Finished inserting GCF_964065165.1
2025-11-29 19:52:16,043 [INFO] Finished inserting GCF_033406955.1
2025-11-29 19:52:16,670 [INFO] Finished inserting GCA_022569735.1
2025-11-29 19:52:17,377 [INFO] Finished inserting GCF_023823895.1
2025-11-29 19:52:18,040 [INFO] Finished inserting GCF_034377145.1
2025-11-29 19:52:18,838 [INFO] Finished inserting GCF_030062435.1
2025-11-29 19:52:20,404 [INFO] Finished inserting GCF_033097305.1
2025-11-29 19:52:21,076 [INFO] Finished inserting GCF_040276445.1
2025-11-29 19:52:21,639 [INFO] Finished inserting GCA_009797605.1
2025-11-29 19:52:22,013 [INFO] Finished inserting GCF_044053135.1
2025-11-29 19:52:22,858 [INFO] Finished inserting GCF_030169265.1
2025-11-29 19:52:23,479 [INFO] Finished inserting GCF_021496925.1
2025-11-29 19:52:24,607 [INFO] Finished inserting GCA_024703915.1
2025-11-29 19:52:25,357 [INFO] Finished inserting GCF_023823855.1
2025-11-29 19:52:26,020 [INFO] Finished inserting GCF_024362245.1
2025-11-29 19:52:26,706 [INFO] Finished inserting GCF_036866135.1
2025-11-29 19:52:27,752 [INFO] Finished inserting GCA_043231255.1
2025-11-29 19:52:27,917 [INFO] Finished inserting GCF_045006005.1
2025-11-29 19:52:28,509 [INFO] Finished inserting GCF_030505395.1
2025-11-29 19:52:29,168 [INFO] Finished inserting GCF_040256395.1
2025-11-29 19:52:29,686 [INFO] Finished inserting GCA_045287315.1
2025-11-29 19:52:30,531 [INFO] Finished inserting GCA_036584005.1
2025-11-29 19:52:31,163 [INFO] Finished inserting GCF_016743815.1
2025-11-29 19:52:32,104 [INFO] Finished inserting GCF_011046735.1
2025-11-29 19:52:32,809 [INFO] Finished inserting GCF_009739515.1
2025-11-29 19:52:33,794 [INFO] Finished inserting GCF_030323285.1
2025-11-29 19:52:34,681 [INFO] Finished inserting GCF_018388785.1
2025-11-29 19:52:35,703 [INFO] Finished inserting GCF_019048865.1
2025-11-29 19:52:36,599 [INFO] Finished inserting GCF_046058935.1
2025-11-29 19:52:36,919 [INFO] Finished inserting GCF_043161955.1
2025-11-29 19:52:37,528 [INFO] Finished inserting GCF_003244395.3
2025-11-29 19:52:37,893 [INFO] Finished inserting GCF_041429785.1
2025-11-29 19:52:38,631 [INFO] Finished inserting GCF_040932595.1
2025-11-29 19:52:39,316 [INFO] Finished inserting GCA_044501205.1
2025-11-29 19:52:40,034 [INFO] Finished inserting GCF_014946775.2
2025-11-29 19:52:40,657 [INFO] Finished inserting GCF_040616485.1
2025-11-29 19:52:41,204 [INFO] Finished inserting GCF_036322665.1
2025-11-29 19:52:41,579 [INFO] Finished inserting GCF_040969805.1
2025-11-29 19:52:42,290 [INFO] Finished inserting GCF_025258785.1
2025-11-29 19:52:42,973 [INFO] Finished inserting GCF_026248825.1
2025-11-29 19:52:43,600 [INFO] Finished inserting GCA_029906525.1
2025-11-29 19:52:44,357 [INFO] Finished inserting GCF_024494485.1
2025-11-29 19:52:45,068 [INFO] Finished inserting GCF_038098645.1
2025-11-29 19:52:45,808 [INFO] Finished inserting GCF_027941955.1
2025-11-29 19:52:46,423 [INFO] Finished inserting GCF_024494525.1
2025-11-29 19:52:47,222 [INFO] Finished inserting GCF_044501175.1
2025-11-29 19:52:47,896 [INFO] Finished inserting GCF_021535135.1
2025-11-29 19:52:48,618 [INFO] Finished inserting GCF_045257735.1
2025-11-29 19:52:49,416 [INFO] Finished inserting GCA_035203565.1
2025-11-29 19:52:49,867 [INFO] Finished inserting GCF_011046485.1
2025-11-29 19:52:51,027 [INFO] Finished inserting GCF_037055355.1
2025-11-29 19:52:51,867 [INFO] Finished inserting GCA_030020925.1
2025-11-29 19:52:52,629 [INFO] Finished inserting GCF_014854835.1
2025-11-29 19:52:53,429 [INFO] Finished inserting GCF_041876315.1
2025-11-29 19:52:53,904 [INFO] Finished inserting GCF_041429775.1
2025-11-29 19:52:54,676 [INFO] Finished inserting GCF_024971915.1
2025-11-29 19:52:55,519 [INFO] Finished inserting GCA_030012805.1
2025-11-29 19:52:56,186 [INFO] Finished inserting GCA_030144795.1
2025-11-29 19:52:56,727 [INFO] Finished inserting GCF_014680125.1
2025-11-29 19:52:57,144 [INFO] Finished inserting GCF_005601135.1
2025-11-29 19:52:57,837 [INFO] Finished inserting GCF_021462285.1
2025-11-29 19:52:58,710 [INFO] Finished inserting GCF_016413685.1
2025-11-29 19:52:59,630 [INFO] Finished inserting GCF_009429025.1
2025-11-29 19:53:00,219 [INFO] Finished inserting GCF_031582865.1
2025-11-29 19:53:00,782 [INFO] Finished inserting GCF_964062525.1
2025-11-29 19:53:01,671 [INFO] Finished inserting GCF_027947515.1
2025-11-29 19:53:02,348 [INFO] Finished inserting GCF_042688525.2
2025-11-29 19:53:03,702 [INFO] Finished inserting GCF_024703895.1
2025-11-29 19:53:04,301 [INFO] Finished inserting GCA_030644725.1
2025-11-29 19:53:05,664 [INFO] Finished inserting GCF_040782645.1
2025-11-29 19:53:05,998 [INFO] Finished inserting GCA_041937435.1
2025-11-29 19:53:06,557 [INFO] Finished inserting GCA_016700155.1
2025-11-29 19:53:07,302 [INFO] Finished inserting GCF_039620435.1
2025-11-29 19:53:08,127 [INFO] Finished inserting GCF_020809405.1
2025-11-29 19:53:09,367 [INFO] Finished inserting GCF_045571415.1
2025-11-29 19:53:10,613 [INFO] Finished inserting GCF_026802195.1
2025-11-29 19:53:11,447 [INFO] Finished inserting GCF_040930405.1
2025-11-29 19:53:12,103 [INFO] Finished inserting GCF_029536875.1
2025-11-29 19:53:12,904 [INFO] Finished inserting GCF_021869625.1
2025-11-29 19:53:13,522 [INFO] Finished inserting GCF_014490665.1
2025-11-29 19:53:14,019 [INFO] Finished inserting GCF_044501765.1
2025-11-29 19:53:14,521 [INFO] Finished inserting GCF_041429795.1
2025-11-29 19:53:15,105 [INFO] Finished inserting GCF_033558715.1
2025-11-29 19:53:15,503 [INFO] Finished inserting GCF_964060345.1
2025-11-29 19:53:15,959 [INFO] Finished inserting GCF_042493225.1
2025-11-29 19:53:16,265 [INFO] Finished inserting GCA_018398995.1
2025-11-29 19:53:17,339 [INFO] Finished inserting GCF_045865985.1
2025-11-29 19:53:18,246 [INFO] Finished inserting GCF_045278815.1
2025-11-29 19:53:19,080 [INFO] Finished inserting GCF_947090765.1
2025-11-29 19:53:19,658 [INFO] Finished inserting GCA_016350165.1
2025-11-29 19:53:20,108 [INFO] Finished inserting GCF_030291135.1
2025-11-29 19:53:20,942 [INFO] Finished inserting GCF_026625145.1
2025-11-29 19:53:21,599 [INFO] Finished inserting GCF_042140275.1
2025-11-29 19:53:22,317 [INFO] Finished inserting GCF_023824015.1
2025-11-29 19:53:22,945 [INFO] Finished inserting GCF_041276585.2
2025-11-29 19:53:23,620 [INFO] Finished inserting GCF_030122415.1
2025-11-29 19:53:24,326 [INFO] Finished inserting GCF_002499975.2
2025-11-29 19:53:25,346 [INFO] Finished inserting GCF_014495705.1
2025-11-29 19:53:26,031 [INFO] Finished inserting GCF_030913635.1
2025-11-29 19:53:26,869 [INFO] Finished inserting GCF_029909775.1
2025-11-29 19:53:27,446 [INFO] Finished inserting GCF_030505335.1
2025-11-29 19:53:28,274 [INFO] Finished inserting GCA_040783425.1
2025-11-29 19:53:29,028 [INFO] Finished inserting GCF_041870065.1
2025-11-29 19:53:29,643 [INFO] Finished inserting GCF_034347425.1
2025-11-29 19:53:30,326 [INFO] Finished inserting GCF_024362185.1
2025-11-29 19:53:30,996 [INFO] Finished inserting GCF_024362305.1
2025-11-29 19:53:31,708 [INFO] Finished inserting GCF_030915405.1
2025-11-29 19:53:32,296 [INFO] Finished inserting GCF_040833955.1
2025-11-29 19:53:32,923 [INFO] Finished inserting GCF_030718915.1
2025-11-29 19:53:33,939 [INFO] Finished inserting GCF_014189415.1
2025-11-29 19:53:34,601 [INFO] Finished inserting GCF_028622815.1
2025-11-29 19:53:35,361 [INFO] Finished inserting GCA_042701975.1
2025-11-29 19:53:36,155 [INFO] Finished inserting GCF_038449125.1
2025-11-29 19:53:36,645 [INFO] Finished inserting GCF_964069135.1
2025-11-29 19:53:37,275 [INFO] Finished inserting GCF_016657085.1
2025-11-29 19:53:37,771 [INFO] Finished inserting GCA_027920565.1
2025-11-29 19:53:38,341 [INFO] Finished inserting GCF_043995075.1
2025-11-29 19:53:39,849 [INFO] Finished inserting GCA_025641845.1
2025-11-29 19:53:40,468 [INFO] Finished inserting GCF_030166455.1
2025-11-29 19:53:41,165 [INFO] Finished inserting GCF_024758025.1
2025-11-29 19:53:41,754 [INFO] Finished inserting GCF_021166035.1
2025-11-29 19:53:42,183 [INFO] Finished inserting GCF_021398715.1
2025-11-29 19:53:42,663 [INFO] Finished inserting GCF_014170115.1
2025-11-29 19:53:43,369 [INFO] Finished inserting GCF_020524205.2
2025-11-29 19:53:44,075 [INFO] Finished inserting GCF_024759205.1
2025-11-29 19:53:45,417 [INFO] Finished inserting GCF_036894235.1
2025-11-29 19:53:46,223 [INFO] Finished inserting GCF_036865115.1
2025-11-29 19:53:46,706 [INFO] Finished inserting GCF_043161945.1
2025-11-29 19:53:47,532 [INFO] Finished inserting GCF_040448525.1
2025-11-29 19:53:48,357 [INFO] Finished inserting GCF_019581175.1
2025-11-29 19:53:48,860 [INFO] Finished inserting GCA_016699675.1
2025-11-29 19:53:49,228 [INFO] Finished inserting GCF_003008415.2
2025-11-29 19:53:49,655 [INFO] Finished inserting GCF_045862805.1
2025-11-29 19:53:50,566 [INFO] Finished inserting GCF_018449005.1
2025-11-29 19:53:51,146 [INFO] Finished inserting GCF_017579825.1
2025-11-29 19:53:52,676 [INFO] Finished inserting GCF_029962285.1
2025-11-29 19:53:53,214 [INFO] Finished inserting GCF_030450055.1
2025-11-29 19:53:53,959 [INFO] Finished inserting GCF_041956815.1
2025-11-29 19:53:55,223 [INFO] Finished inserting GCF_000452825.2
2025-11-29 19:53:55,810 [INFO] Finished inserting GCF_040833985.1
2025-11-29 19:53:57,088 [INFO] Finished inserting GCF_037993025.1
2025-11-29 19:53:58,335 [INFO] Finished inserting GCF_032612255.1
2025-11-29 19:53:58,925 [INFO] Finished inserting GCF_030219925.1
2025-11-29 19:53:59,320 [INFO] Finished inserting GCF_030732185.1
2025-11-29 19:54:00,072 [INFO] Finished inserting GCF_030931015.1
2025-11-29 19:54:01,410 [INFO] Finished inserting GCF_044501195.1
2025-11-29 19:54:02,757 [INFO] Finished inserting GCF_045571445.1
2025-11-29 19:54:03,251 [INFO] Finished inserting GCF_046254905.1
2025-11-29 19:54:04,004 [INFO] Finished inserting GCF_027571385.1
2025-11-29 19:54:05,142 [INFO] Finished inserting GCF_022354505.1
2025-11-29 19:54:06,748 [INFO] Finished inserting GCA_012275145.2
2025-11-29 19:54:07,678 [INFO] Finished inserting GCF_025639805.1
2025-11-29 19:54:08,254 [INFO] Finished inserting GCF_028870515.1
2025-11-29 19:54:08,611 [INFO] Finished inserting GCA_016699735.1
2025-11-29 19:54:08,996 [INFO] Finished inserting GCF_023525255.1
2025-11-29 19:54:09,749 [INFO] Finished inserting GCF_014171475.1
2025-11-29 19:54:10,707 [INFO] Finished inserting GCF_040784005.1
2025-11-29 19:54:11,215 [INFO] Finished inserting GCF_006542605.1
2025-11-29 19:54:11,910 [INFO] Finished inserting GCF_003721155.3
2025-11-29 19:54:12,910 [INFO] Finished inserting GCF_030389965.1
2025-11-29 19:54:13,548 [INFO] Finished inserting GCF_030263935.1
2025-11-29 19:54:14,001 [INFO] Finished inserting GCF_045345115.1
2025-11-29 19:54:14,869 [INFO] Finished inserting GCF_044029435.1
2025-11-29 19:54:15,490 [INFO] Finished inserting GCF_019797765.1
2025-11-29 19:54:16,413 [INFO] Finished inserting GCF_029215855.1
2025-11-29 19:54:17,093 [INFO] Finished inserting GCA_029168575.1
2025-11-29 19:54:17,492 [INFO] Finished inserting GCF_000144955.2
2025-11-29 19:54:18,228 [INFO] Finished inserting GCF_044501755.1
2025-11-29 19:54:18,891 [INFO] Finished inserting GCF_014596715.2
2025-11-29 19:54:19,415 [INFO] Finished inserting GCF_040267695.1
2025-11-29 19:54:20,191 [INFO] Finished inserting GCF_013256255.1
2025-11-29 19:54:20,608 [INFO] Finished inserting GCF_030252165.1
2025-11-29 19:54:21,442 [INFO] Finished inserting GCF_040783975.1
2025-11-29 19:54:21,842 [INFO] Finished inserting GCF_029910535.1
2025-11-29 19:54:22,482 [INFO] Finished inserting GCF_014297575.1
2025-11-29 19:54:23,247 [INFO] Finished inserting GCF_030323065.1
2025-11-29 19:54:23,768 [INFO] Finished inserting GCF_030011555.1
2025-11-29 19:54:25,193 [INFO] Finished inserting GCF_041346965.1
2025-11-29 19:54:25,776 [INFO] Finished inserting GCF_009810215.1
2025-11-29 19:54:26,289 [INFO] Finished inserting GCF_019334405.1
2025-11-29 19:54:27,440 [INFO] Finished inserting GCA_043099345.1
2025-11-29 19:54:27,826 [INFO] Finished inserting GCF_041410355.1
2025-11-29 19:54:29,029 [INFO] Finished inserting GCF_014171595.1
2025-11-29 19:54:29,782 [INFO] Finished inserting GCA_041002895.1
2025-11-29 19:54:30,330 [INFO] Finished inserting GCF_030291055.1
2025-11-29 19:54:30,619 [INFO] Finished inserting GCF_026184355.1
2025-11-29 19:54:31,096 [INFO] Finished inserting GCF_019203185.1
2025-11-29 19:54:32,030 [INFO] Finished inserting GCF_030292205.1
2025-11-29 19:54:33,102 [INFO] Finished inserting GCF_022220465.1
2025-11-29 19:54:34,025 [INFO] Finished inserting GCF_000468575.2
2025-11-29 19:54:34,827 [INFO] Finished inserting GCA_041475615.1
2025-11-29 19:54:35,263 [INFO] Finished inserting GCF_044596335.1
2025-11-29 19:54:36,320 [INFO] Finished inserting GCF_032918005.1
2025-11-29 19:54:37,105 [INFO] Finished inserting GCF_025643395.1
2025-11-29 19:54:37,740 [INFO] Finished inserting GCF_041956835.1
2025-11-29 19:54:38,449 [INFO] Finished inserting GCF_030913365.1
2025-11-29 19:54:39,244 [INFO] Finished inserting GCF_034043515.1
2025-11-29 19:54:39,923 [INFO] Finished inserting GCF_020151015.1
2025-11-29 19:54:40,333 [INFO] Finished inserting GCF_009017395.1
2025-11-29 19:54:40,856 [INFO] Finished inserting GCF_044597725.1
2025-11-29 19:54:41,575 [INFO] Finished inserting GCF_041117435.1
2025-11-29 19:54:42,252 [INFO] Finished inserting GCF_041941495.1
2025-11-29 19:54:43,224 [INFO] Finished inserting GCF_028421645.1
2025-11-29 19:54:44,067 [INFO] Finished inserting GCF_028752395.1
2025-11-29 19:54:44,761 [INFO] Finished inserting GCA_010451275.2
2025-11-29 19:54:45,458 [INFO] Finished inserting GCF_032922545.1
2025-11-29 19:54:46,630 [INFO] Finished inserting GCF_014189455.1
2025-11-29 19:54:47,541 [INFO] Finished inserting GCF_044055385.1
2025-11-29 19:54:48,012 [INFO] Finished inserting GCF_036417395.1
2025-11-29 19:54:48,637 [INFO] Finished inserting GCF_030710645.1
2025-11-29 19:54:49,325 [INFO] Finished inserting GCA_024397275.1
2025-11-29 19:54:49,928 [INFO] Finished inserting GCF_032075085.1
2025-11-29 19:54:50,797 [INFO] Finished inserting GCF_022870365.1
2025-11-29 19:54:51,214 [INFO] Finished inserting GCF_919654025.1
2025-11-29 19:54:51,655 [INFO] Finished inserting GCF_013348725.1
2025-11-29 19:54:52,527 [INFO] Finished inserting GCF_030292155.1
2025-11-29 19:54:53,429 [INFO] Finished inserting GCF_016894305.1
2025-11-29 19:54:53,946 [INFO] Finished inserting GCF_030296915.1
2025-11-29 19:54:55,455 [INFO] Finished inserting GCF_046267975.1
2025-11-29 19:54:56,747 [INFO] Finished inserting GCF_036287475.1
2025-11-29 19:54:57,552 [INFO] Finished inserting GCF_029866885.1
2025-11-29 19:54:58,356 [INFO] Finished inserting GCF_030167055.1
2025-11-29 19:54:59,567 [INFO] Finished inserting GCF_033109485.1
2025-11-29 19:54:59,899 [INFO] Finished inserting GCF_031297465.1
2025-11-29 19:55:00,262 [INFO] Finished inserting GCF_024205305.1
2025-11-29 19:55:00,759 [INFO] Finished inserting GCF_027558275.1
2025-11-29 19:55:01,990 [INFO] Finished inserting GCF_032918025.1
2025-11-29 19:55:02,362 [INFO] Finished inserting GCA_016700335.1
2025-11-29 19:55:02,900 [INFO] Finished inserting GCF_027941755.1
2025-11-29 19:55:03,264 [INFO] Finished inserting GCF_035066585.1
2025-11-29 19:55:04,303 [INFO] Finished inserting GCF_023515955.1
2025-11-29 19:55:04,744 [INFO] Finished inserting GCF_011765465.1
2025-11-29 19:55:05,409 [INFO] Finished inserting GCF_038630775.1
2025-11-29 19:55:05,804 [INFO] Finished inserting GCF_022213385.1
2025-11-29 19:55:06,781 [INFO] Finished inserting GCF_006094295.1
2025-11-29 19:55:08,307 [INFO] Finished inserting GCF_041080625.1
2025-11-29 19:55:09,253 [INFO] Finished inserting GCF_019968825.1
2025-11-29 19:55:09,690 [INFO] Finished inserting GCA_016699715.1
2025-11-29 19:55:10,154 [INFO] Finished inserting GCF_964063425.1
2025-11-29 19:55:11,104 [INFO] Finished inserting GCF_040409955.1
2025-11-29 19:55:12,190 [INFO] Finished inserting GCF_014117325.1
2025-11-29 19:55:12,683 [INFO] Finished inserting GCF_964065465.1
2025-11-29 19:55:13,386 [INFO] Finished inserting GCA_028865045.1
2025-11-29 19:55:14,990 [INFO] SLURM_ARRAY_TASK_ID: 2
2025-11-29 19:55:14,990 [INFO] SLURM_ARRAY_TASK_COUNT: 5
2025-11-29 19:55:25,317 [INFO] SLURM_ARRAY_TASK_ID: 2
2025-11-29 19:55:25,317 [INFO] SLURM_ARRAY_TASK_COUNT: 5
