2025-11-29 19:50:20,466 [INFO] SLURM_ARRAY_TASK_ID: 4
2025-11-29 19:50:20,467 [INFO] SLURM_ARRAY_TASK_COUNT: 5
2025-11-29 19:50:30,441 [INFO] Total number of assemblies: 1958
2025-11-29 19:50:31,643 [INFO] Finished inserting GCF_003359225.1
2025-11-29 19:50:32,280 [INFO] Finished inserting GCF_902702935.1
2025-11-29 19:50:34,020 [INFO] Finished inserting GCF_025452195.1
2025-11-29 19:50:34,548 [INFO] Finished inserting GCA_016887505.1
2025-11-29 19:50:35,432 [INFO] Finished inserting GCF_016894325.1
2025-11-29 19:50:36,134 [INFO] Finished inserting GCF_042134615.1
2025-11-29 19:50:37,432 [INFO] Finished inserting GCF_018363015.1
2025-11-29 19:50:39,517 [INFO] Finished inserting GCF_041346955.1
2025-11-29 19:50:40,031 [INFO] Finished inserting GCF_039905885.1
2025-11-29 19:50:41,167 [INFO] Finished inserting GCF_021398935.1
2025-11-29 19:50:42,529 [INFO] Finished inserting GCF_003697165.2
2025-11-29 19:50:43,616 [INFO] Finished inserting GCF_043587585.1
2025-11-29 19:50:43,811 [INFO] Finished inserting GCF_006777105.1
2025-11-29 19:50:45,438 [INFO] Finished inserting GCF_013343235.1
2025-11-29 19:50:46,528 [INFO] Finished inserting GCF_014720855.1
2025-11-29 19:50:48,090 [INFO] Finished inserting GCF_023546765.1
2025-11-29 19:50:49,238 [INFO] Finished inserting GCF_027912195.1
2025-11-29 19:50:50,043 [INFO] Finished inserting GCF_021165935.1
2025-11-29 19:50:51,598 [INFO] Finished inserting GCF_029215915.1
2025-11-29 19:50:52,775 [INFO] Finished inserting GCF_046352915.1
2025-11-29 19:50:53,289 [INFO] Finished inserting GCF_041026655.1
2025-11-29 19:50:55,272 [INFO] Finished inserting GCF_030369695.1
2025-11-29 19:50:56,185 [INFO] Finished inserting GCF_031826515.1
2025-11-29 19:50:56,718 [INFO] Finished inserting GCF_018140535.1
2025-11-29 19:50:57,577 [INFO] Finished inserting GCF_041893525.1
2025-11-29 19:50:58,544 [INFO] Finished inserting GCF_033878955.1
2025-11-29 19:50:58,808 [INFO] Finished inserting GCF_013463555.1
2025-11-29 19:51:00,054 [INFO] Finished inserting GCF_037113495.1
2025-11-29 19:51:00,749 [INFO] Finished inserting GCA_014884465.1
2025-11-29 19:51:01,618 [INFO] Finished inserting GCF_029590395.1
2025-11-29 19:51:02,356 [INFO] Finished inserting GCA_045348575.1
2025-11-29 19:51:03,125 [INFO] Finished inserting GCF_028747625.1
2025-11-29 19:51:04,071 [INFO] Finished inserting GCF_024759505.1
2025-11-29 19:51:04,904 [INFO] Finished inserting GCF_028872215.1
2025-11-29 19:51:05,984 [INFO] Finished inserting GCF_039613825.1
2025-11-29 19:51:06,856 [INFO] Finished inserting GCA_004771215.1
2025-11-29 19:51:07,584 [INFO] Finished inserting GCF_030219945.1
2025-11-29 19:51:08,666 [INFO] Finished inserting GCF_036670015.1
2025-11-29 19:51:09,532 [INFO] Finished inserting GCA_031655335.1
2025-11-29 19:51:10,638 [INFO] Finished inserting GCF_022871065.1
2025-11-29 19:51:11,614 [INFO] Finished inserting GCF_036865545.1
2025-11-29 19:51:12,468 [INFO] Finished inserting GCF_030296655.1
2025-11-29 19:51:13,555 [INFO] Finished inserting GCF_030345295.1
2025-11-29 19:51:14,315 [INFO] Finished inserting GCF_037081835.1
2025-11-29 19:51:15,419 [INFO] Finished inserting GCF_041081105.1
2025-11-29 19:51:17,010 [INFO] Finished inserting GCF_024918735.1
2025-11-29 19:51:18,194 [INFO] Finished inserting GCA_024703835.1
2025-11-29 19:51:18,955 [INFO] Finished inserting GCF_046097455.1
2025-11-29 19:51:19,592 [INFO] Finished inserting GCF_042239055.1
2025-11-29 19:51:20,290 [INFO] Finished inserting GCF_029952405.1
2025-11-29 19:51:21,483 [INFO] Finished inserting GCA_024125655.1
2025-11-29 19:51:22,167 [INFO] Finished inserting GCF_030846735.1
2025-11-29 19:51:22,750 [INFO] Finished inserting GCF_030544585.1
2025-11-29 19:51:23,635 [INFO] Finished inserting GCA_013693915.1
2025-11-29 19:51:25,067 [INFO] Finished inserting GCF_002187935.3
2025-11-29 19:51:26,061 [INFO] Finished inserting GCF_006094475.1
2025-11-29 19:51:27,364 [INFO] Finished inserting GCF_018516785.1
2025-11-29 19:51:29,111 [INFO] Finished inserting GCF_029760955.1
2025-11-29 19:51:29,893 [INFO] Finished inserting GCF_026168515.1
2025-11-29 19:51:30,941 [INFO] Finished inserting GCF_030915485.1
2025-11-29 19:51:32,021 [INFO] Finished inserting GCF_036866455.1
2025-11-29 19:51:33,088 [INFO] Finished inserting GCF_024758965.1
2025-11-29 19:51:34,261 [INFO] Finished inserting GCF_019339365.1
2025-11-29 19:51:34,730 [INFO] Finished inserting GCF_043187475.1
2025-11-29 19:51:36,267 [INFO] Finished inserting GCF_036485475.1
2025-11-29 19:51:37,261 [INFO] Finished inserting GCF_014622645.1
2025-11-29 19:51:38,306 [INFO] Finished inserting GCF_044784375.1
2025-11-29 19:51:39,775 [INFO] Finished inserting GCF_028748965.1
2025-11-29 19:51:40,542 [INFO] Finished inserting GCF_964186585.1
2025-11-29 19:51:41,403 [INFO] Finished inserting GCF_012844345.1
2025-11-29 19:51:43,103 [INFO] Finished inserting GCF_019056675.1
2025-11-29 19:51:43,764 [INFO] Finished inserting GCF_030623315.1
2025-11-29 19:51:44,765 [INFO] Finished inserting GCF_021513255.1
2025-11-29 19:51:45,847 [INFO] Finished inserting GCF_963853655.1
2025-11-29 19:51:47,741 [INFO] Finished inserting GCF_030719235.1
2025-11-29 19:51:48,916 [INFO] Finished inserting GCF_042698365.1
2025-11-29 19:51:49,528 [INFO] Finished inserting GCA_044336205.1
2025-11-29 19:51:50,072 [INFO] Finished inserting GCF_964065235.1
2025-11-29 19:51:50,726 [INFO] Finished inserting GCF_027941735.1
2025-11-29 19:51:50,957 [INFO] Finished inserting GCF_024205245.1
2025-11-29 19:51:52,047 [INFO] Finished inserting GCF_045040595.1
2025-11-29 19:51:53,325 [INFO] Finished inserting GCA_024758885.1
2025-11-29 19:51:53,930 [INFO] Finished inserting GCF_029011355.1
2025-11-29 19:51:55,143 [INFO] Finished inserting GCF_026314945.1
2025-11-29 19:51:55,937 [INFO] Finished inserting GCF_035231185.1
2025-11-29 19:51:56,850 [INFO] Finished inserting GCF_012516435.1
2025-11-29 19:51:57,821 [INFO] Finished inserting GCF_032911225.1
2025-11-29 19:51:58,990 [INFO] Finished inserting GCA_025452115.1
2025-11-29 19:52:00,024 [INFO] Finished inserting GCF_037094785.1
2025-11-29 19:52:01,836 [INFO] Finished inserting GCF_024442335.1
2025-11-29 19:52:02,606 [INFO] Finished inserting GCF_043518605.1
2025-11-29 19:52:03,505 [INFO] Finished inserting GCF_037055265.1
2025-11-29 19:52:04,665 [INFO] Finished inserting GCF_018672515.1
2025-11-29 19:52:06,036 [INFO] Finished inserting GCA_018596355.1
2025-11-29 19:52:06,886 [INFO] Finished inserting GCF_964063345.1
2025-11-29 19:52:07,911 [INFO] Finished inserting GCF_018316655.1
2025-11-29 19:52:08,507 [INFO] Finished inserting GCF_028401385.2
2025-11-29 19:52:08,911 [INFO] Finished inserting GCA_016699835.1
2025-11-29 19:52:09,327 [INFO] Finished inserting GCA_013693755.1
2025-11-29 19:52:09,989 [INFO] Finished inserting GCF_027625435.1
2025-11-29 19:52:10,689 [INFO] Finished inserting GCF_008364625.2
2025-11-29 19:52:11,040 [INFO] Finished inserting GCA_016699815.1
2025-11-29 19:52:11,606 [INFO] Finished inserting GCA_045184175.1
2025-11-29 19:52:12,179 [INFO] Finished inserting GCF_024918935.1
2025-11-29 19:52:12,933 [INFO] Finished inserting GCF_043150135.1
2025-11-29 19:52:13,981 [INFO] Finished inserting GCF_029201665.1
2025-11-29 19:52:14,755 [INFO] Finished inserting GCF_033449965.1
2025-11-29 19:52:15,208 [INFO] Finished inserting GCA_016887485.1
2025-11-29 19:52:16,426 [INFO] Finished inserting GCF_016698685.1
2025-11-29 19:52:16,827 [INFO] Finished inserting GCA_044056775.1
2025-11-29 19:52:17,660 [INFO] Finished inserting GCF_019856235.1
2025-11-29 19:52:18,772 [INFO] Finished inserting GCF_034054735.1
2025-11-29 19:52:19,192 [INFO] Finished inserting GCF_029011725.1
2025-11-29 19:52:20,116 [INFO] Finished inserting GCF_001952815.1
2025-11-29 19:52:20,946 [INFO] Finished inserting GCF_010977555.1
2025-11-29 19:52:21,551 [INFO] Finished inserting GCF_034377005.1
2025-11-29 19:52:22,380 [INFO] Finished inserting GCF_025732135.1
2025-11-29 19:52:22,770 [INFO] Finished inserting GCF_035609305.1
2025-11-29 19:52:23,199 [INFO] Finished inserting GCA_036322835.1
2025-11-29 19:52:23,694 [INFO] Finished inserting GCF_015209785.1
2025-11-29 19:52:24,429 [INFO] Finished inserting GCF_044872955.1
2025-11-29 19:52:24,667 [INFO] Finished inserting GCF_016452245.2
2025-11-29 19:52:25,455 [INFO] Finished inserting GCF_041475595.1
2025-11-29 19:52:26,753 [INFO] Finished inserting GCF_032999765.1
2025-11-29 19:52:27,823 [INFO] Finished inserting GCF_041729625.1
2025-11-29 19:52:28,613 [INFO] Finished inserting GCF_009707365.1
2025-11-29 19:52:29,575 [INFO] Finished inserting GCF_028993575.1
2025-11-29 19:52:29,863 [INFO] Finished inserting GCF_023277645.1
2025-11-29 19:52:31,280 [INFO] Finished inserting GCF_021899435.1
2025-11-29 19:52:31,683 [INFO] Finished inserting GCF_029011275.1
2025-11-29 19:52:32,929 [INFO] Finished inserting GCF_037094645.1
2025-11-29 19:52:33,529 [INFO] Finished inserting GCF_030913655.1
2025-11-29 19:52:34,063 [INFO] Finished inserting GCF_033096465.1
2025-11-29 19:52:35,423 [INFO] Finished inserting GCA_034631695.1
2025-11-29 19:52:35,944 [INFO] Finished inserting GCA_032695835.1
2025-11-29 19:52:36,479 [INFO] Finished inserting GCF_019395145.1
2025-11-29 19:52:37,121 [INFO] Finished inserting GCF_007859655.1
2025-11-29 19:52:37,492 [INFO] Finished inserting GCF_046097415.1
2025-11-29 19:52:38,569 [INFO] Finished inserting GCF_040784895.1
2025-11-29 19:52:39,133 [INFO] Finished inserting GCF_024760085.1
2025-11-29 19:52:40,091 [INFO] Finished inserting GCA_013128495.1
2025-11-29 19:52:40,857 [INFO] Finished inserting GCF_020524355.2
2025-11-29 19:52:41,496 [INFO] Finished inserting GCA_024372495.1
2025-11-29 19:52:42,008 [INFO] Finished inserting GCF_021535045.1
2025-11-29 19:52:42,245 [INFO] Finished inserting GCF_045277585.1
2025-11-29 19:52:42,530 [INFO] Finished inserting GCF_041447105.1
2025-11-29 19:52:43,458 [INFO] Finished inserting GCF_024759125.1
2025-11-29 19:52:43,915 [INFO] Finished inserting GCF_031326165.1
2025-11-29 19:52:44,611 [INFO] Finished inserting GCA_013693955.1
2025-11-29 19:52:45,140 [INFO] Finished inserting GCA_028472985.1
2025-11-29 19:52:46,202 [INFO] Finished inserting GCA_024703875.1
2025-11-29 19:52:47,103 [INFO] Finished inserting GCF_905175355.1
2025-11-29 19:52:47,812 [INFO] Finished inserting GCA_044788385.1
2025-11-29 19:52:48,758 [INFO] Finished inserting GCF_044998965.1
2025-11-29 19:52:49,271 [INFO] Finished inserting GCF_024860185.1
2025-11-29 19:52:49,921 [INFO] Finished inserting GCF_014840975.1
2025-11-29 19:52:50,675 [INFO] Finished inserting GCF_037477885.1
2025-11-29 19:52:51,646 [INFO] Finished inserting GCF_003330725.1
2025-11-29 19:52:52,322 [INFO] Finished inserting GCF_030503835.1
2025-11-29 19:52:52,842 [INFO] Finished inserting GCF_019211725.1
2025-11-29 19:52:53,627 [INFO] Finished inserting GCF_030122765.1
2025-11-29 19:52:54,550 [INFO] Finished inserting GCF_045689255.1
2025-11-29 19:52:55,099 [INFO] Finished inserting GCF_040267745.1
2025-11-29 19:52:55,668 [INFO] Finished inserting GCF_022647505.1
2025-11-29 19:52:56,595 [INFO] Finished inserting GCF_021869645.1
2025-11-29 19:52:57,105 [INFO] Finished inserting GCF_036322625.1
2025-11-29 19:52:57,769 [INFO] Finished inserting GCF_029320885.1
2025-11-29 19:52:58,238 [INFO] Finished inserting GCF_045801155.1
2025-11-29 19:52:58,838 [INFO] Finished inserting GCA_035609365.1
2025-11-29 19:52:59,842 [INFO] Finished inserting GCF_037463925.1
2025-11-29 19:53:00,907 [INFO] Finished inserting GCF_014131715.1
2025-11-29 19:53:01,777 [INFO] Finished inserting GCA_030544705.1
2025-11-29 19:53:02,076 [INFO] Finished inserting GCF_041447125.1
2025-11-29 19:53:03,298 [INFO] Finished inserting GCF_004919535.4
2025-11-29 19:53:03,999 [INFO] Finished inserting GCF_041224405.1
2025-11-29 19:53:05,269 [INFO] Finished inserting GCF_036289045.1
2025-11-29 19:53:05,782 [INFO] Finished inserting GCF_964062795.1
2025-11-29 19:53:06,674 [INFO] Finished inserting GCA_030123465.1
2025-11-29 19:53:07,949 [INFO] Finished inserting GCF_026651855.1
2025-11-29 19:53:08,490 [INFO] Finished inserting GCF_023022965.1
2025-11-29 19:53:08,905 [INFO] Finished inserting GCF_045011645.1
2025-11-29 19:53:09,814 [INFO] Finished inserting GCF_022808015.1
2025-11-29 19:53:10,397 [INFO] Finished inserting GCF_018398975.1
2025-11-29 19:53:11,132 [INFO] Finished inserting GCF_006874765.1
2025-11-29 19:53:11,765 [INFO] Finished inserting GCF_038443675.1
2025-11-29 19:53:12,699 [INFO] Finished inserting GCF_003049825.1
2025-11-29 19:53:13,222 [INFO] Finished inserting GCF_045346035.1
2025-11-29 19:53:14,079 [INFO] Finished inserting GCF_042140235.1
2025-11-29 19:53:15,024 [INFO] Finished inserting GCF_042693265.1
2025-11-29 19:53:15,717 [INFO] Finished inserting GCF_038069655.2
2025-11-29 19:53:16,082 [INFO] Finished inserting GCF_018968665.1
2025-11-29 19:53:17,266 [INFO] Finished inserting GCF_041200145.1
2025-11-29 19:53:17,982 [INFO] Finished inserting GCF_021713115.1
2025-11-29 19:53:18,706 [INFO] Finished inserting GCF_026723725.1
2025-11-29 19:53:19,486 [INFO] Finished inserting GCF_023151555.2
2025-11-29 19:53:19,860 [INFO] Finished inserting GCF_039700225.1
2025-11-29 19:53:20,824 [INFO] Finished inserting GCA_023380185.1
2025-11-29 19:53:21,379 [INFO] Finished inserting GCF_030296635.1
2025-11-29 19:53:22,628 [INFO] Finished inserting GCF_025642175.1
2025-11-29 19:53:23,556 [INFO] Finished inserting GCF_026636035.1
2025-11-29 19:53:24,273 [INFO] Finished inserting GCF_024759565.1
2025-11-29 19:53:25,173 [INFO] Finished inserting GCF_024917675.1
2025-11-29 19:53:25,521 [INFO] Finished inserting GCF_021654515.1
2025-11-29 19:53:26,184 [INFO] Finished inserting GCF_964063325.1
2025-11-29 19:53:26,805 [INFO] Finished inserting GCF_025787225.1
2025-11-29 19:53:27,724 [INFO] Finished inserting GCF_019711195.1
2025-11-29 19:53:28,410 [INFO] Finished inserting GCF_947090785.1
2025-11-29 19:53:29,434 [INFO] Finished inserting GCF_030323265.1
2025-11-29 19:53:29,981 [INFO] Finished inserting GCF_900538275.1
2025-11-29 19:53:31,182 [INFO] Finished inserting GCF_014621695.1
2025-11-29 19:53:32,704 [INFO] Finished inserting GCF_045291505.1
2025-11-29 19:53:33,541 [INFO] Finished inserting GCF_029024985.1
2025-11-29 19:53:33,843 [INFO] Finished inserting GCA_018399055.1
2025-11-29 19:53:34,715 [INFO] Finished inserting GCF_042700715.1
2025-11-29 19:53:35,639 [INFO] Finished inserting GCF_023824095.1
2025-11-29 19:53:36,523 [INFO] Finished inserting GCF_025264625.1
2025-11-29 19:53:37,713 [INFO] Finished inserting GCF_013393925.1
2025-11-29 19:53:38,134 [INFO] Finished inserting GCF_033597815.2
2025-11-29 19:53:38,520 [INFO] Finished inserting GCF_044051705.1
2025-11-29 19:53:39,627 [INFO] Finished inserting GCF_032620035.1
2025-11-29 19:53:40,099 [INFO] Finished inserting GCF_028898865.1
2025-11-29 19:53:40,862 [INFO] Finished inserting GCF_021650705.1
2025-11-29 19:53:41,505 [INFO] Finished inserting GCF_031583575.1
2025-11-29 19:53:42,080 [INFO] Finished inserting GCF_004353525.1
2025-11-29 19:53:42,806 [INFO] Finished inserting GCF_044866915.1
2025-11-29 19:53:43,655 [INFO] Finished inserting GCA_029690005.1
2025-11-29 19:53:44,387 [INFO] Finished inserting GCF_037198305.1
2025-11-29 19:53:45,055 [INFO] Finished inserting GCA_045346125.1
2025-11-29 19:53:45,723 [INFO] Finished inserting GCF_046254925.1
2025-11-29 19:53:46,139 [INFO] Finished inserting GCA_045290315.1
2025-11-29 19:53:47,040 [INFO] Finished inserting GCF_017607425.1
2025-11-29 19:53:47,896 [INFO] Finished inserting GCF_025643095.1
2025-11-29 19:53:48,787 [INFO] Finished inserting GCF_036784815.1
2025-11-29 19:53:48,920 [INFO] Finished inserting GCA_016699915.1
2025-11-29 19:53:49,326 [INFO] Finished inserting GCF_964062735.1
2025-11-29 19:53:50,391 [INFO] Finished inserting GCF_023824175.1
2025-11-29 19:53:51,058 [INFO] Finished inserting GCF_035320825.1
2025-11-29 19:53:51,476 [INFO] Finished inserting GCF_046097315.1
2025-11-29 19:53:51,899 [INFO] Finished inserting GCF_021952485.1
2025-11-29 19:53:52,745 [INFO] Finished inserting GCA_044585415.1
2025-11-29 19:53:53,523 [INFO] Finished inserting GCF_021869685.1
2025-11-29 19:53:54,207 [INFO] Finished inserting GCF_036865515.1
2025-11-29 19:53:55,060 [INFO] Finished inserting GCF_025857195.1
2025-11-29 19:53:55,877 [INFO] Finished inserting GCF_035620215.1
2025-11-29 19:53:56,476 [INFO] Finished inserting GCF_009707465.1
2025-11-29 19:53:57,020 [INFO] Finished inserting GCF_018080005.1
2025-11-29 19:53:58,121 [INFO] Finished inserting GCF_036894225.1
2025-11-29 19:53:58,755 [INFO] Finished inserting GCF_021484805.1
2025-11-29 19:53:59,517 [INFO] Finished inserting GCA_016700115.1
2025-11-29 19:54:00,354 [INFO] Finished inserting GCF_020640995.1
2025-11-29 19:54:01,210 [INFO] Finished inserting GCF_044499395.1
2025-11-29 19:54:01,895 [INFO] Finished inserting GCF_009497895.1
2025-11-29 19:54:02,491 [INFO] Finished inserting GCF_030517105.1
2025-11-29 19:54:02,663 [INFO] Finished inserting GCA_016699085.1
2025-11-29 19:54:03,325 [INFO] Finished inserting GCF_025502585.1
2025-11-29 19:54:03,789 [INFO] Finished inserting GCF_040409935.1
2025-11-29 19:54:04,406 [INFO] Finished inserting GCF_023744375.2
2025-11-29 19:54:05,264 [INFO] Finished inserting GCF_020524035.2
2025-11-29 19:54:05,885 [INFO] Finished inserting GCF_018128945.1
2025-11-29 19:54:06,528 [INFO] Finished inserting GCF_964062745.1
2025-11-29 19:54:07,309 [INFO] Finished inserting GCA_029227815.1
2025-11-29 19:54:07,734 [INFO] Finished inserting GCF_042472175.1
2025-11-29 19:54:08,368 [INFO] Finished inserting GCF_030388345.1
2025-11-29 19:54:08,910 [INFO] Finished inserting GCF_045276935.1
2025-11-29 19:54:10,433 [INFO] Finished inserting GCF_045278895.1
2025-11-29 19:54:11,053 [INFO] Finished inserting GCF_032924185.1
2025-11-29 19:54:11,286 [INFO] Finished inserting GCA_016699205.1
2025-11-29 19:54:12,011 [INFO] Finished inserting GCF_030665425.1
2025-11-29 19:54:12,722 [INFO] Finished inserting GCF_042854845.1
2025-11-29 19:54:13,782 [INFO] Finished inserting GCF_026015985.1
2025-11-29 19:54:14,653 [INFO] Finished inserting GCF_044029535.1
2025-11-29 19:54:15,385 [INFO] Finished inserting GCF_015223545.3
2025-11-29 19:54:16,238 [INFO] Finished inserting GCF_014788985.1
2025-11-29 19:54:16,545 [INFO] Finished inserting GCF_007923185.1
2025-11-29 19:54:17,240 [INFO] Finished inserting GCF_033122725.1
2025-11-29 19:54:17,979 [INFO] Finished inserting GCF_042763285.1
2025-11-29 19:54:18,564 [INFO] Finished inserting GCF_020162095.1
2025-11-29 19:54:19,227 [INFO] Finished inserting GCF_011290605.1
2025-11-29 19:54:20,251 [INFO] Finished inserting GCF_024610635.1
2025-11-29 19:54:21,235 [INFO] Finished inserting GCF_023823775.1
2025-11-29 19:54:22,185 [INFO] Finished inserting GCF_025643595.1
2025-11-29 19:54:22,582 [INFO] Finished inserting GCF_015654125.1
2025-11-29 19:54:23,611 [INFO] Finished inserting GCF_030845255.1
2025-11-29 19:54:24,170 [INFO] Finished inserting GCF_041900585.1
2025-11-29 19:54:25,039 [INFO] Finished inserting GCF_041379005.1
2025-11-29 19:54:25,928 [INFO] Finished inserting GCF_013306495.1
2025-11-29 19:54:26,109 [INFO] Finished inserting GCA_032463725.2
2025-11-29 19:54:26,506 [INFO] Finished inserting GCF_964062605.1
2025-11-29 19:54:27,370 [INFO] Finished inserting GCF_044336395.1
2025-11-29 19:54:27,875 [INFO] Finished inserting GCF_022870985.1
2025-11-29 19:54:28,727 [INFO] Finished inserting GCF_026183385.1
2025-11-29 19:54:29,352 [INFO] Finished inserting GCF_027920765.2
2025-11-29 19:54:30,128 [INFO] Finished inserting GCF_037997175.1
2025-11-29 19:54:30,425 [INFO] Finished inserting GCF_040050875.1
2025-11-29 19:54:30,719 [INFO] Finished inserting GCF_032848195.1
2025-11-29 19:54:31,695 [INFO] Finished inserting GCF_034351645.1
2025-11-29 19:54:32,408 [INFO] Finished inserting GCF_036865555.1
2025-11-29 19:54:33,397 [INFO] Finished inserting GCF_013462275.1
2025-11-29 19:54:34,233 [INFO] Finished inserting GCF_021725435.1
2025-11-29 19:54:34,912 [INFO] Finished inserting GCF_027186325.1
2025-11-29 19:54:35,317 [INFO] Finished inserting GCF_018336615.1
2025-11-29 19:54:35,756 [INFO] Finished inserting GCF_020535165.1
2025-11-29 19:54:36,365 [INFO] Finished inserting GCF_025677645.1
2025-11-29 19:54:37,300 [INFO] Finished inserting GCF_007858555.1
2025-11-29 19:54:38,284 [INFO] Finished inserting GCF_030506325.1
2025-11-29 19:54:38,853 [INFO] Finished inserting GCF_014679505.1
2025-11-29 19:54:39,620 [INFO] Finished inserting GCF_029025785.1
2025-11-29 19:54:39,994 [INFO] Finished inserting GCF_026914285.1
2025-11-29 19:54:40,976 [INFO] Finished inserting GCF_022492935.1
2025-11-29 19:54:41,772 [INFO] Finished inserting GCF_026898095.1
2025-11-29 19:54:42,377 [INFO] Finished inserting GCF_026967555.1
2025-11-29 19:54:43,382 [INFO] Finished inserting GCF_018204675.1
2025-11-29 19:54:43,969 [INFO] Finished inserting GCF_045063885.1
2025-11-29 19:54:44,566 [INFO] Finished inserting GCF_042847215.1
2025-11-29 19:54:44,938 [INFO] Finished inserting GCA_045689595.1
2025-11-29 19:54:45,702 [INFO] Finished inserting GCA_023213195.1
2025-11-29 19:54:46,568 [INFO] Finished inserting GCF_030123485.1
2025-11-29 19:54:47,085 [INFO] Finished inserting GCA_020683205.1
2025-11-29 19:54:47,931 [INFO] Finished inserting GCF_037482245.1
2025-11-29 19:54:48,564 [INFO] Finished inserting GCF_025244705.1
2025-11-29 19:54:49,420 [INFO] Finished inserting GCF_025398035.1
2025-11-29 19:54:51,051 [INFO] Finished inserting GCF_028736035.1
2025-11-29 19:54:51,790 [INFO] Finished inserting GCF_040412085.2
2025-11-29 19:54:52,629 [INFO] Finished inserting GCF_030064165.1
2025-11-29 19:54:53,662 [INFO] Finished inserting GCF_029834475.1
2025-11-29 19:54:54,407 [INFO] Finished inserting GCF_030166395.1
2025-11-29 19:54:55,309 [INFO] Finished inserting GCF_044813085.1
2025-11-29 19:54:55,912 [INFO] Finished inserting GCF_003860305.1
2025-11-29 19:54:56,905 [INFO] Finished inserting GCF_020520245.1
2025-11-29 19:54:57,864 [INFO] Finished inserting GCF_030123065.1
2025-11-29 19:54:58,253 [INFO] Finished inserting GCF_030246965.1
2025-11-29 19:54:58,996 [INFO] Finished inserting GCF_030285785.1
2025-11-29 19:54:59,184 [INFO] Finished inserting GCF_041006295.1
2025-11-29 19:55:00,875 [INFO] Finished inserting GCF_016887565.1
2025-11-29 19:55:01,746 [INFO] Finished inserting GCF_034377285.1
2025-11-29 19:55:02,177 [INFO] Finished inserting GCF_905186165.1
2025-11-29 19:55:03,035 [INFO] Finished inserting GCF_023278545.1
2025-11-29 19:55:03,438 [INFO] Finished inserting GCF_029011515.1
2025-11-29 19:55:04,386 [INFO] Finished inserting GCF_022648965.1
2025-11-29 19:55:05,520 [INFO] Finished inserting GCF_021513275.1
2025-11-29 19:55:05,846 [INFO] Finished inserting GCA_016699995.1
2025-11-29 19:55:06,936 [INFO] Finished inserting GCF_024734895.1
2025-11-29 19:55:07,836 [INFO] Finished inserting GCF_030285945.1
2025-11-29 19:55:08,750 [INFO] Finished inserting GCF_024759285.1
2025-11-29 19:55:09,377 [INFO] Finished inserting GCF_014352915.1
2025-11-29 19:55:10,002 [INFO] Finished inserting GCF_040760075.1
2025-11-29 19:55:10,561 [INFO] Finished inserting GCF_040409905.1
2025-11-29 19:55:11,424 [INFO] Finished inserting GCF_009184685.1
2025-11-29 19:55:12,089 [INFO] Finished inserting GCF_014274685.1
2025-11-29 19:55:12,763 [INFO] Finished inserting GCF_016250455.1
2025-11-29 19:55:14,115 [INFO] Finished inserting GCF_044055365.1
2025-11-29 19:55:14,483 [INFO] Finished inserting GCF_013745115.1
2025-11-29 19:55:15,787 [INFO] Finished inserting GCF_030719275.1
2025-11-29 19:55:16,733 [INFO] Finished inserting GCF_031326345.1
2025-11-29 19:55:22,374 [INFO] Database is locked, retrying 1/20
2025-11-29 19:55:26,543 [INFO] Finished inserting GCF_020524085.2
2025-11-29 19:55:27,784 [INFO] Finished inserting GCF_029215525.1
2025-11-29 19:55:28,349 [INFO] Finished inserting GCA_013693735.1
2025-11-29 19:55:29,367 [INFO] Finished inserting GCF_045866025.2
2025-11-29 19:55:30,334 [INFO] Finished inserting GCF_013393945.1
2025-11-29 19:55:31,292 [INFO] Finished inserting GCA_018310475.1
2025-11-29 19:55:32,097 [INFO] Finished inserting GCF_009388185.1
2025-11-29 19:55:32,528 [INFO] Finished inserting GCF_046244355.1
2025-11-29 19:55:33,179 [INFO] Finished inserting GCF_042853465.1
2025-11-29 19:55:34,078 [INFO] Finished inserting GCF_029457475.1
2025-11-29 19:55:34,564 [INFO] Finished inserting GCF_040369795.1
2025-11-29 19:55:35,229 [INFO] Finished inserting GCF_030376805.1
2025-11-29 19:55:36,450 [INFO] Finished inserting GCF_042466595.1
2025-11-29 19:55:37,236 [INFO] Finished inserting GCF_028201555.1
2025-11-29 19:55:37,831 [INFO] Finished inserting GCF_011064825.1
2025-11-29 19:55:38,990 [INFO] Finished inserting GCF_045348655.1
2025-11-29 19:55:39,698 [INFO] Finished inserting GCF_014679705.1
2025-11-29 19:55:40,386 [INFO] Finished inserting GCF_037076585.1
2025-11-29 19:55:40,931 [INFO] Finished inserting GCF_012931845.1
2025-11-29 19:55:41,876 [INFO] Finished inserting GCF_019704275.1
2025-11-29 19:55:42,649 [INFO] Finished inserting GCF_014211955.1
2025-11-29 19:55:43,569 [INFO] Finished inserting GCA_016025055.1
2025-11-29 19:55:44,387 [INFO] Finished inserting GCF_045715775.1
2025-11-29 19:55:44,993 [INFO] Finished inserting GCF_023373765.1
2025-11-29 19:55:45,525 [INFO] Finished inserting GCA_040215705.1
2025-11-29 19:55:46,340 [INFO] Finished inserting GCF_029643245.1
2025-11-29 19:55:46,834 [INFO] Finished inserting GCA_040782825.1
2025-11-29 19:55:48,136 [INFO] Finished inserting GCF_040571325.1
2025-11-29 19:55:48,471 [INFO] Finished inserting GCF_018141665.1
2025-11-29 19:55:49,094 [INFO] Finished inserting GCF_034343125.1
2025-11-29 19:55:49,858 [INFO] Finished inserting GCF_042748755.1
2025-11-29 19:55:50,467 [INFO] Finished inserting GCA_030913685.1
2025-11-29 19:55:51,390 [INFO] Finished inserting GCF_045277175.1
2025-11-29 19:55:52,377 [INFO] Finished inserting GCF_018199955.1
2025-11-29 19:55:53,317 [INFO] Finished inserting GCF_025426275.1
2025-11-29 19:55:53,685 [INFO] Finished inserting GCA_016699755.1
2025-11-29 19:55:54,364 [INFO] Finished inserting GCF_005144965.1
2025-11-29 19:55:56,080 [INFO] SLURM_ARRAY_TASK_ID: 4
2025-11-29 19:55:56,080 [INFO] SLURM_ARRAY_TASK_COUNT: 5
2025-11-29 19:56:08,507 [INFO] SLURM_ARRAY_TASK_ID: 4
2025-11-29 19:56:08,507 [INFO] SLURM_ARRAY_TASK_COUNT: 5
