2025-11-29 19:50:20,468 [INFO] SLURM_ARRAY_TASK_ID: 3
2025-11-29 19:50:20,468 [INFO] SLURM_ARRAY_TASK_COUNT: 5
2025-11-29 19:50:30,438 [INFO] Total number of assemblies: 1958
2025-11-29 19:50:31,837 [INFO] Finished inserting GCF_025997855.1
2025-11-29 19:50:32,660 [INFO] Finished inserting GCF_030705325.2
2025-11-29 19:50:33,709 [INFO] Finished inserting GCF_014042035.1
2025-11-29 19:50:34,414 [INFO] Finished inserting GCA_021065125.2
2025-11-29 19:50:34,642 [INFO] Finished inserting GCF_025884515.1
2025-11-29 19:50:35,304 [INFO] Finished inserting GCF_022558925.1
2025-11-29 19:50:35,769 [INFO] Finished inserting GCF_015191005.1
2025-11-29 19:50:36,162 [INFO] Finished inserting GCF_024399395.1
2025-11-29 19:50:36,989 [INFO] Finished inserting GCF_033802785.1
2025-11-29 19:50:37,655 [INFO] Finished inserting GCF_030291015.1
2025-11-29 19:50:38,081 [INFO] Finished inserting GCF_027116475.1
2025-11-29 19:50:38,605 [INFO] Finished inserting GCF_034345625.1
2025-11-29 19:50:39,226 [INFO] Finished inserting GCF_023634805.2
2025-11-29 19:50:39,536 [INFO] Finished inserting GCF_018176875.1
2025-11-29 19:50:40,201 [INFO] Finished inserting GCF_026153295.1
2025-11-29 19:50:41,367 [INFO] Finished inserting GCF_041956855.1
2025-11-29 19:50:42,288 [INFO] Finished inserting GCF_020861345.1
2025-11-29 19:50:42,642 [INFO] Finished inserting GCA_040364595.1
2025-11-29 19:50:43,537 [INFO] Finished inserting GCF_019968725.1
2025-11-29 19:50:44,251 [INFO] Finished inserting GCF_021398975.1
2025-11-29 19:50:44,707 [INFO] Finished inserting GCF_044595625.1
2025-11-29 19:50:45,256 [INFO] Finished inserting GCF_947090775.1
2025-11-29 19:50:46,185 [INFO] Finished inserting GCF_024971855.1
2025-11-29 19:50:47,399 [INFO] Finished inserting GCF_041228765.1
2025-11-29 19:50:47,575 [INFO] Finished inserting GCA_016864895.1
2025-11-29 19:50:48,256 [INFO] Finished inserting GCF_030157885.1
2025-11-29 19:50:48,824 [INFO] Finished inserting GCF_019924635.1
2025-11-29 19:50:49,663 [INFO] Finished inserting GCF_040762985.1
2025-11-29 19:50:50,196 [INFO] Finished inserting GCF_018588605.2
2025-11-29 19:50:50,839 [INFO] Finished inserting GCF_009936375.1
2025-11-29 19:50:52,164 [INFO] Finished inserting GCF_020542785.1
2025-11-29 19:50:52,830 [INFO] Finished inserting GCF_964186625.1
2025-11-29 19:50:53,427 [INFO] Finished inserting GCF_041733115.1
2025-11-29 19:50:53,739 [INFO] Finished inserting GCF_045159835.1
2025-11-29 19:50:55,085 [INFO] Finished inserting GCF_037081825.1
2025-11-29 19:50:55,539 [INFO] Finished inserting GCF_044597405.1
2025-11-29 19:50:56,457 [INFO] Finished inserting GCA_042692285.1
2025-11-29 19:50:57,212 [INFO] Finished inserting GCF_008931465.1
2025-11-29 19:50:58,024 [INFO] Finished inserting GCF_029168555.1
2025-11-29 19:50:59,143 [INFO] Finished inserting GCF_043099305.1
2025-11-29 19:50:59,717 [INFO] Finished inserting GCF_023588965.1
2025-11-29 19:51:00,407 [INFO] Finished inserting GCF_021768425.1
2025-11-29 19:51:01,733 [INFO] Finished inserting GCF_022807935.1
2025-11-29 19:51:02,520 [INFO] Finished inserting GCF_037055275.1
2025-11-29 19:51:03,529 [INFO] Finished inserting GCF_044055375.1
2025-11-29 19:51:04,213 [INFO] Finished inserting GCF_034346205.1
2025-11-29 19:51:05,066 [INFO] Finished inserting GCF_023078375.1
2025-11-29 19:51:06,051 [INFO] Finished inserting GCF_034424255.1
2025-11-29 19:51:06,703 [INFO] Finished inserting GCF_030297115.1
2025-11-29 19:51:07,337 [INFO] Finished inserting GCF_042140245.1
2025-11-29 19:51:08,308 [INFO] Finished inserting GCF_042699465.1
2025-11-29 19:51:09,068 [INFO] Finished inserting GCF_030913325.1
2025-11-29 19:51:10,060 [INFO] Finished inserting GCF_030719295.1
2025-11-29 19:51:10,702 [INFO] Finished inserting GCF_044784355.1
2025-11-29 19:51:11,311 [INFO] Finished inserting GCA_024628785.1
2025-11-29 19:51:12,069 [INFO] Finished inserting GCF_023023085.1
2025-11-29 19:51:12,756 [INFO] Finished inserting GCF_021117075.1
2025-11-29 19:51:13,243 [INFO] Finished inserting GCF_015140455.1
2025-11-29 19:51:13,616 [INFO] Finished inserting GCF_033877495.1
2025-11-29 19:51:14,092 [INFO] Finished inserting GCF_018972085.1
2025-11-29 19:51:14,584 [INFO] Finished inserting GCF_014725715.1
2025-11-29 19:51:15,210 [INFO] Finished inserting GCF_021049245.1
2025-11-29 19:51:15,956 [INFO] Finished inserting GCF_004006175.1
2025-11-29 19:51:16,809 [INFO] Finished inserting GCF_030123385.1
2025-11-29 19:51:17,306 [INFO] Finished inserting GCF_013127315.1
2025-11-29 19:51:17,406 [INFO] Finished inserting GCF_017656055.1
2025-11-29 19:51:18,065 [INFO] Finished inserting GCF_021431905.1
2025-11-29 19:51:18,479 [INFO] Finished inserting GCF_023278045.1
2025-11-29 19:51:19,321 [INFO] Finished inserting GCF_036687365.1
2025-11-29 19:51:19,975 [INFO] Finished inserting GCF_046245175.1
2025-11-29 19:51:20,506 [INFO] Finished inserting GCF_023898825.1
2025-11-29 19:51:21,395 [INFO] Finished inserting GCF_036871025.1
2025-11-29 19:51:21,941 [INFO] Finished inserting GCF_044596045.1
2025-11-29 19:51:23,532 [INFO] Finished inserting GCF_040114435.1
2025-11-29 19:51:24,244 [INFO] Finished inserting GCF_032710345.1
2025-11-29 19:51:24,969 [INFO] Finished inserting GCF_037327425.1
2025-11-29 19:51:25,452 [INFO] Finished inserting GCF_024362205.1
2025-11-29 19:51:26,800 [INFO] Finished inserting GCF_009789655.1
2025-11-29 19:51:27,054 [INFO] Finished inserting GCA_016699265.1
2025-11-29 19:51:27,615 [INFO] Finished inserting GCF_014884485.1
2025-11-29 19:51:28,533 [INFO] Finished inserting GCF_038246755.1
2025-11-29 19:51:29,200 [INFO] Finished inserting GCF_009740285.1
2025-11-29 19:51:29,659 [INFO] Finished inserting GCF_044594645.1
2025-11-29 19:51:30,237 [INFO] Finished inserting GCA_021555105.2
2025-11-29 19:51:30,711 [INFO] Finished inserting GCF_042134605.1
2025-11-29 19:51:31,084 [INFO] Finished inserting GCF_036320655.1
2025-11-29 19:51:31,807 [INFO] Finished inserting GCF_042140095.1
2025-11-29 19:51:32,702 [INFO] Finished inserting GCF_021869665.1
2025-11-29 19:51:33,274 [INFO] Finished inserting GCF_041315915.1
2025-11-29 19:51:33,940 [INFO] Finished inserting GCF_030369675.1
2025-11-29 19:51:34,496 [INFO] Finished inserting GCF_007182895.1
2025-11-29 19:51:35,020 [INFO] Finished inserting GCF_014679335.1
2025-11-29 19:51:35,603 [INFO] Finished inserting GCA_033977085.1
2025-11-29 19:51:36,492 [INFO] Finished inserting GCF_003234085.2
2025-11-29 19:51:37,198 [INFO] Finished inserting GCF_030016185.2
2025-11-29 19:51:38,073 [INFO] Finished inserting GCF_044056035.1
2025-11-29 19:51:38,809 [INFO] Finished inserting GCF_040801775.1
2025-11-29 19:51:39,574 [INFO] Finished inserting GCF_023612075.1
2025-11-29 19:51:40,472 [INFO] Finished inserting GCF_041319885.1
2025-11-29 19:51:41,170 [INFO] Finished inserting GCF_037213995.1
2025-11-29 19:51:41,788 [INFO] Finished inserting GCF_041318675.1
2025-11-29 19:51:42,634 [INFO] Finished inserting GCF_036670025.1
2025-11-29 19:51:43,183 [INFO] Finished inserting GCF_030296015.1
2025-11-29 19:51:43,621 [INFO] Finished inserting GCF_045061075.1
2025-11-29 19:51:44,324 [INFO] Finished inserting GCF_030915425.1
2025-11-29 19:51:44,905 [INFO] Finished inserting GCF_045070525.1
2025-11-29 19:51:45,474 [INFO] Finished inserting GCF_036322805.1
2025-11-29 19:51:45,928 [INFO] Finished inserting GCF_046097395.1
2025-11-29 19:51:47,124 [INFO] Finished inserting GCF_040254265.1
2025-11-29 19:51:48,349 [INFO] Finished inserting GCF_032917965.1
2025-11-29 19:51:48,988 [INFO] Finished inserting GCF_011067105.1
2025-11-29 19:51:49,874 [INFO] Finished inserting GCF_040215685.1
2025-11-29 19:51:50,649 [INFO] Finished inserting GCF_019295365.2
2025-11-29 19:51:51,299 [INFO] Finished inserting GCF_037081855.1
2025-11-29 19:51:51,960 [INFO] Finished inserting GCF_034376865.1
2025-11-29 19:51:52,663 [INFO] Finished inserting GCF_026183365.1
2025-11-29 19:51:53,876 [INFO] Finished inserting GCF_020341595.1
2025-11-29 19:51:54,273 [INFO] Finished inserting GCA_039995105.1
2025-11-29 19:51:55,238 [INFO] Finished inserting GCF_019550795.1
2025-11-29 19:51:55,680 [INFO] Finished inserting GCA_018388605.1
2025-11-29 19:51:56,042 [INFO] Finished inserting GCF_044594215.1
2025-11-29 19:51:56,326 [INFO] Finished inserting GCF_040790775.1
2025-11-29 19:51:57,427 [INFO] Finished inserting GCF_014489615.1
2025-11-29 19:51:58,231 [INFO] Finished inserting GCF_042019215.1
2025-11-29 19:51:59,494 [INFO] Finished inserting GCF_045013515.1
2025-11-29 19:52:00,434 [INFO] Finished inserting GCF_041320285.1
2025-11-29 19:52:01,476 [INFO] Finished inserting GCA_022836955.1
2025-11-29 19:52:01,867 [INFO] Finished inserting GCF_030291915.1
2025-11-29 19:52:02,186 [INFO] Finished inserting GCA_029269845.2
2025-11-29 19:52:02,676 [INFO] Finished inserting GCA_016699575.1
2025-11-29 19:52:03,323 [INFO] Finished inserting GCF_014117445.1
2025-11-29 19:52:04,432 [INFO] Finished inserting GCA_004000515.1
2025-11-29 19:52:05,564 [INFO] Finished inserting GCA_008011715.2
2025-11-29 19:52:06,313 [INFO] Finished inserting GCF_030915525.1
2025-11-29 19:52:07,157 [INFO] Finished inserting GCF_040760005.1
2025-11-29 19:52:08,181 [INFO] Finished inserting GCF_021028635.1
2025-11-29 19:52:08,654 [INFO] Finished inserting GCF_009799805.1
2025-11-29 19:52:09,371 [INFO] Finished inserting GCF_034376045.1
2025-11-29 19:52:09,882 [INFO] Finished inserting GCF_026104335.1
2025-11-29 19:52:10,214 [INFO] Finished inserting GCF_042140045.1
2025-11-29 19:52:10,728 [INFO] Finished inserting GCF_019078745.1
2025-11-29 19:52:11,443 [INFO] Finished inserting GCF_025133195.1
2025-11-29 19:52:12,026 [INFO] Finished inserting GCF_025264665.1
2025-11-29 19:52:12,804 [INFO] Finished inserting GCF_025765875.1
2025-11-29 19:52:13,155 [INFO] Finished inserting GCF_964063355.1
2025-11-29 19:52:13,917 [INFO] Finished inserting GCF_030123245.1
2025-11-29 19:52:14,440 [INFO] Finished inserting GCA_033170615.1
2025-11-29 19:52:15,262 [INFO] Finished inserting GCF_019968765.1
2025-11-29 19:52:16,110 [INFO] Finished inserting GCF_028993595.1
2025-11-29 19:52:16,574 [INFO] Finished inserting GCF_030758675.1
2025-11-29 19:52:17,201 [INFO] Finished inserting GCF_015218165.1
2025-11-29 19:52:17,879 [INFO] Finished inserting GCF_042140265.1
2025-11-29 19:52:18,407 [INFO] Finished inserting GCF_045063725.1
2025-11-29 19:52:18,810 [INFO] Finished inserting GCF_029211325.2
2025-11-29 19:52:19,418 [INFO] Finished inserting GCF_013344685.1
2025-11-29 19:52:19,985 [INFO] Finished inserting GCF_037323615.1
2025-11-29 19:52:20,644 [INFO] Finished inserting GCF_043950245.1
2025-11-29 19:52:21,259 [INFO] Finished inserting GCF_045037995.1
2025-11-29 19:52:21,776 [INFO] Finished inserting GCF_014679145.1
2025-11-29 19:52:22,247 [INFO] Finished inserting GCF_027171405.1
2025-11-29 19:52:23,043 [INFO] Finished inserting GCF_016599735.1
2025-11-29 19:52:23,601 [INFO] Finished inserting GCF_029866905.1
2025-11-29 19:52:24,102 [INFO] Finished inserting GCF_030758655.1
2025-11-29 19:52:24,505 [INFO] Finished inserting GCA_042140035.1
2025-11-29 19:52:24,785 [INFO] Finished inserting GCF_019614295.1
2025-11-29 19:52:25,407 [INFO] Finished inserting GCF_025244665.1
2025-11-29 19:52:25,861 [INFO] Finished inserting GCF_029510815.1
2025-11-29 19:52:26,939 [INFO] Finished inserting GCF_020026305.1
2025-11-29 19:52:28,025 [INFO] Finished inserting GCF_021365485.1
2025-11-29 19:52:28,844 [INFO] Finished inserting GCA_030179875.1
2025-11-29 19:52:29,261 [INFO] Finished inserting GCA_036321625.1
2025-11-29 19:52:29,991 [INFO] Finished inserting GCF_037935975.1
2025-11-29 19:52:30,581 [INFO] Finished inserting GCF_044881195.1
2025-11-29 19:52:31,200 [INFO] Finished inserting GCF_045277235.1
2025-11-29 19:52:31,484 [INFO] Finished inserting GCF_008586845.1
2025-11-29 19:52:31,998 [INFO] Finished inserting GCF_034555965.2
2025-11-29 19:52:32,746 [INFO] Finished inserting GCF_020386635.1
2025-11-29 19:52:33,452 [INFO] Finished inserting GCF_016598595.1
2025-11-29 19:52:34,618 [INFO] Finished inserting GCF_043099315.1
2025-11-29 19:52:35,594 [INFO] Finished inserting GCA_038024475.1
2025-11-29 19:52:36,283 [INFO] Finished inserting GCF_041200025.1
2025-11-29 19:52:37,437 [INFO] Finished inserting GCF_006516935.1
2025-11-29 19:52:37,960 [INFO] Finished inserting GCF_042699995.1
2025-11-29 19:52:38,235 [INFO] Finished inserting GCF_029011885.1
2025-11-29 19:52:38,507 [INFO] Finished inserting GCF_042033325.1
2025-11-29 19:52:38,856 [INFO] Finished inserting GCF_046097485.1
2025-11-29 19:52:39,350 [INFO] Finished inserting GCF_036322735.1
2025-11-29 19:52:39,836 [INFO] Finished inserting GCF_046112175.1
2025-11-29 19:52:41,389 [INFO] Finished inserting GCF_030285625.1
2025-11-29 19:52:41,967 [INFO] Finished inserting GCF_014672695.1
2025-11-29 19:52:42,376 [INFO] Finished inserting GCF_046097495.1
2025-11-29 19:52:42,476 [INFO] Finished inserting GCF_013463375.1
2025-11-29 19:52:43,138 [INFO] Finished inserting GCF_033947405.2
2025-11-29 19:52:43,682 [INFO] Finished inserting GCF_046058915.1
2025-11-29 19:52:44,259 [INFO] Finished inserting GCA_037888935.1
2025-11-29 19:52:45,017 [INFO] Finished inserting GCF_041281685.1
2025-11-29 19:52:45,704 [INFO] Finished inserting GCF_020641055.1
2025-11-29 19:52:46,305 [INFO] Finished inserting GCF_030291035.1
2025-11-29 19:52:46,843 [INFO] Finished inserting GCF_030053775.1
2025-11-29 19:52:47,645 [INFO] Finished inserting GCF_034347405.1
2025-11-29 19:52:47,954 [INFO] Finished inserting GCF_043004745.1
2025-11-29 19:52:48,921 [INFO] Finished inserting GCA_035927805.1
2025-11-29 19:52:49,733 [INFO] Finished inserting GCF_013116765.2
2025-11-29 19:52:50,396 [INFO] Finished inserting GCF_044056765.1
2025-11-29 19:52:50,727 [INFO] Finished inserting GCF_021560555.1
2025-11-29 19:52:51,374 [INFO] Finished inserting GCA_044357025.1
2025-11-29 19:52:52,092 [INFO] Finished inserting GCF_031233635.1
2025-11-29 19:52:52,669 [INFO] Finished inserting GCF_022819285.1
2025-11-29 19:52:53,550 [INFO] Finished inserting GCF_028771845.1
2025-11-29 19:52:54,037 [INFO] Finished inserting GCF_030503855.1
2025-11-29 19:52:54,601 [INFO] Finished inserting GCF_019884725.1
2025-11-29 19:52:55,754 [INFO] Finished inserting GCF_025642135.1
2025-11-29 19:52:56,241 [INFO] Finished inserting GCF_036322705.1
2025-11-29 19:52:56,875 [INFO] Finished inserting GCF_026013965.1
2025-11-29 19:52:57,289 [INFO] Finished inserting GCF_009189185.2
2025-11-29 19:52:57,674 [INFO] Finished inserting GCF_040409945.1
2025-11-29 19:52:57,908 [INFO] Finished inserting GCF_040790695.1
2025-11-29 19:52:58,505 [INFO] Finished inserting GCF_006094455.1
2025-11-29 19:52:59,734 [INFO] Finished inserting GCF_014489635.1
2025-11-29 19:53:00,165 [INFO] Finished inserting GCF_043634175.1
2025-11-29 19:53:00,833 [INFO] Finished inserting GCA_016864875.1
2025-11-29 19:53:01,825 [INFO] Finished inserting GCF_031884435.1
2025-11-29 19:53:02,268 [INFO] Finished inserting GCF_011065405.1
2025-11-29 19:53:02,656 [INFO] Finished inserting GCF_030908625.1
2025-11-29 19:53:03,497 [INFO] Finished inserting GCF_003994555.1
2025-11-29 19:53:04,095 [INFO] Finished inserting GCF_021596945.1
2025-11-29 19:53:05,060 [INFO] Finished inserting GCF_019334505.1
2025-11-29 19:53:06,049 [INFO] Finished inserting GCF_011006355.1
2025-11-29 19:53:06,830 [INFO] Finished inserting GCF_037076455.1
2025-11-29 19:53:06,962 [INFO] Finished inserting GCF_042465095.1
2025-11-29 19:53:07,812 [INFO] Finished inserting GCF_030123405.1
2025-11-29 19:53:08,261 [INFO] Finished inserting GCA_039880265.1
2025-11-29 19:53:08,863 [INFO] Finished inserting GCF_025452235.1
2025-11-29 19:53:09,675 [INFO] Finished inserting GCF_026240835.1
2025-11-29 19:53:10,493 [INFO] Finished inserting GCF_023518135.1
2025-11-29 19:53:11,216 [INFO] Finished inserting GCF_024971835.1
2025-11-29 19:53:11,485 [INFO] Finished inserting GCF_040790685.1
2025-11-29 19:53:12,156 [INFO] Finished inserting GCF_030544485.1
2025-11-29 19:53:12,290 [INFO] Finished inserting GCA_015257785.3
2025-11-29 19:53:12,962 [INFO] Finished inserting GCF_032924845.1
2025-11-29 19:53:13,190 [INFO] Finished inserting GCF_030758575.1
2025-11-29 19:53:14,469 [INFO] Finished inserting GCF_018223785.1
2025-11-29 19:53:15,465 [INFO] Finished inserting GCF_014263355.1
2025-11-29 19:53:15,803 [INFO] Finished inserting GCF_021957025.1
2025-11-29 19:53:16,475 [INFO] Finished inserting GCF_006088795.1
2025-11-29 19:53:16,847 [INFO] Finished inserting GCF_042182995.1
2025-11-29 19:53:17,156 [INFO] Finished inserting GCA_021044545.1
2025-11-29 19:53:17,430 [INFO] Finished inserting GCF_043000305.1
2025-11-29 19:53:17,721 [INFO] Finished inserting GCF_009676705.1
2025-11-29 19:53:18,337 [INFO] Finished inserting GCA_045040585.1
2025-11-29 19:53:18,822 [INFO] Finished inserting GCF_036323455.1
2025-11-29 19:53:19,185 [INFO] Finished inserting GCF_021957125.1
2025-11-29 19:53:19,806 [INFO] Finished inserting GCA_013347225.1
2025-11-29 19:53:20,735 [INFO] Finished inserting GCF_013284375.2
2025-11-29 19:53:20,999 [INFO] Finished inserting GCA_016403125.1
2025-11-29 19:53:22,075 [INFO] Finished inserting GCF_031583065.1
2025-11-29 19:53:22,686 [INFO] Finished inserting GCF_023221635.1
2025-11-29 19:53:23,317 [INFO] Finished inserting GCA_016700195.1
2025-11-29 19:53:24,228 [INFO] Finished inserting GCF_009649995.1
2025-11-29 19:53:24,920 [INFO] Finished inserting GCF_016865235.1
2025-11-29 19:53:25,898 [INFO] Finished inserting GCF_019598965.1
2025-11-29 19:53:26,749 [INFO] Finished inserting GCF_044905075.1
2025-11-29 19:53:27,198 [INFO] Finished inserting GCF_021513155.1
2025-11-29 19:53:27,871 [INFO] Finished inserting GCF_030505355.1
2025-11-29 19:53:28,937 [INFO] Finished inserting GCF_007558985.1
2025-11-29 19:53:29,577 [INFO] Finished inserting GCF_042134655.1
2025-11-29 19:53:30,259 [INFO] Finished inserting GCF_032842945.2
2025-11-29 19:53:31,127 [INFO] Finished inserting GCF_037099735.1
2025-11-29 19:53:31,794 [INFO] Finished inserting GCF_007995155.1
2025-11-29 19:53:32,606 [INFO] Finished inserting GCF_905175335.1
2025-11-29 19:53:33,160 [INFO] Finished inserting GCF_042140125.1
2025-11-29 19:53:33,585 [INFO] Finished inserting GCF_002901165.3
2025-11-29 19:53:34,502 [INFO] Finished inserting GCF_022701035.1
2025-11-29 19:53:35,459 [INFO] Finished inserting GCA_041920615.1
2025-11-29 19:53:36,085 [INFO] Finished inserting GCF_018604565.1
2025-11-29 19:53:36,602 [INFO] Finished inserting GCF_030296595.1
2025-11-29 19:53:37,140 [INFO] Finished inserting GCF_022983135.1
2025-11-29 19:53:37,834 [INFO] Finished inserting GCF_030915505.1
2025-11-29 19:53:38,389 [INFO] Finished inserting GCF_029866945.1
2025-11-29 19:53:38,823 [INFO] Finished inserting GCF_030758595.1
2025-11-29 19:53:39,716 [INFO] Finished inserting GCF_040729435.1
2025-11-29 19:53:40,409 [INFO] Finished inserting GCA_016801815.1
2025-11-29 19:53:41,096 [INFO] Finished inserting GCF_040687735.1
2025-11-29 19:53:41,552 [INFO] Finished inserting GCF_013423865.1
2025-11-29 19:53:42,132 [INFO] Finished inserting GCF_025639885.1
2025-11-29 19:53:42,607 [INFO] Finished inserting GCA_016699285.1
2025-11-29 19:53:43,443 [INFO] Finished inserting GCF_030123365.1
2025-11-29 19:53:44,131 [INFO] Finished inserting GCF_014171775.1
2025-11-29 19:53:44,423 [INFO] Finished inserting GCF_916098255.1
2025-11-29 19:53:45,215 [INFO] Finished inserting GCF_044324945.1
2025-11-29 19:53:45,607 [INFO] Finished inserting GCF_037478115.1
2025-11-29 19:53:46,498 [INFO] Finished inserting GCF_041956845.1
2025-11-29 19:53:47,378 [INFO] Finished inserting GCF_016653695.1
2025-11-29 19:53:48,004 [INFO] Finished inserting GCF_036865495.1
2025-11-29 19:53:48,829 [INFO] Finished inserting GCF_030915385.1
2025-11-29 19:53:49,394 [INFO] Finished inserting GCF_045781735.1
2025-11-29 19:53:50,180 [INFO] Finished inserting GCF_009429005.1
2025-11-29 19:53:50,699 [INFO] Finished inserting GCF_019774595.1
2025-11-29 19:53:51,189 [INFO] Finished inserting GCF_023221615.1
2025-11-29 19:53:52,458 [INFO] Finished inserting GCF_020520305.1
2025-11-29 19:53:52,939 [INFO] Finished inserting GCF_000466885.3
2025-11-29 19:53:53,470 [INFO] Finished inserting GCF_034371605.1
2025-11-29 19:53:54,016 [INFO] Finished inserting GCA_046113265.1
2025-11-29 19:53:54,286 [INFO] Finished inserting GCF_018176755.1
2025-11-29 19:53:54,805 [INFO] Finished inserting GCF_014596425.2
2025-11-29 19:53:55,429 [INFO] Finished inserting GCA_014873095.1
2025-11-29 19:53:56,087 [INFO] Finished inserting GCF_024628845.1
2025-11-29 19:53:56,539 [INFO] Finished inserting GCA_023213215.1
2025-11-29 19:53:57,516 [INFO] Finished inserting GCF_035320885.1
2025-11-29 19:53:58,228 [INFO] Finished inserting GCF_947090715.1
2025-11-29 19:53:58,833 [INFO] Finished inserting GCF_037853395.1
2025-11-29 19:54:00,311 [INFO] Finished inserting GCF_012273515.2
2025-11-29 19:54:00,921 [INFO] Finished inserting GCA_013414705.1
2025-11-29 19:54:01,719 [INFO] Finished inserting GCF_029536955.1
2025-11-29 19:54:02,564 [INFO] Finished inserting GCF_040893145.1
2025-11-29 19:54:03,446 [INFO] Finished inserting GCF_030167965.1
2025-11-29 19:54:03,643 [INFO] Finished inserting GCA_015219825.1
2025-11-29 19:54:04,108 [INFO] Finished inserting GCF_034375205.1
2025-11-29 19:54:05,211 [INFO] Finished inserting GCF_040267515.1
2025-11-29 19:54:05,802 [INFO] Finished inserting GCA_029537295.1
2025-11-29 19:54:06,469 [INFO] Finished inserting GCF_045278885.1
2025-11-29 19:54:07,549 [INFO] Finished inserting GCF_030848725.1
2025-11-29 19:54:08,526 [INFO] Finished inserting GCF_041956365.1
2025-11-29 19:54:08,963 [INFO] Finished inserting GCF_021391335.1
2025-11-29 19:54:09,633 [INFO] Finished inserting GCF_032925565.1
2025-11-29 19:54:10,591 [INFO] Finished inserting GCF_013822785.1
2025-11-29 19:54:11,341 [INFO] Finished inserting GCF_025758205.1
2025-11-29 19:54:11,832 [INFO] Finished inserting GCF_042608395.1
2025-11-29 19:54:12,665 [INFO] Finished inserting GCF_000525615.2
2025-11-29 19:54:12,990 [INFO] Finished inserting GCF_022811525.1
2025-11-29 19:54:13,633 [INFO] Finished inserting GCF_042434905.1
2025-11-29 19:54:14,418 [INFO] Finished inserting GCF_030122215.1
2025-11-29 19:54:15,445 [INFO] Finished inserting GCF_029542445.1
2025-11-29 19:54:16,175 [INFO] Finished inserting GCF_025725745.1
2025-11-29 19:54:17,042 [INFO] Finished inserting GCF_029690045.1
2025-11-29 19:54:17,878 [INFO] Finished inserting GCF_030995105.1
2025-11-29 19:54:18,387 [INFO] Finished inserting GCF_021561035.1
2025-11-29 19:54:18,788 [INFO] Finished inserting GCF_046097475.1
2025-11-29 19:54:19,468 [INFO] Finished inserting GCF_030064445.1
2025-11-29 19:54:20,034 [INFO] Finished inserting GCA_029320975.1
2025-11-29 19:54:20,712 [INFO] Finished inserting GCF_026723805.1
2025-11-29 19:54:21,348 [INFO] Finished inserting GCA_039237145.1
2025-11-29 19:54:22,332 [INFO] Finished inserting GCF_045037965.1
2025-11-29 19:54:23,116 [INFO] Finished inserting GCF_021278965.1
2025-11-29 19:54:23,861 [INFO] Finished inserting GCF_022811845.1
2025-11-29 19:54:25,103 [INFO] Finished inserting GCF_013414305.1
2025-11-29 19:54:25,707 [INFO] Finished inserting GCF_040833995.1
2025-11-29 19:54:26,573 [INFO] Finished inserting GCF_009857095.1
2025-11-29 19:54:27,288 [INFO] Finished inserting GCF_044054585.1
2025-11-29 19:54:27,942 [INFO] Finished inserting GCF_016925595.1
2025-11-29 19:54:29,137 [INFO] Finished inserting GCF_045291515.1
2025-11-29 19:54:29,866 [INFO] Finished inserting GCF_041956865.1
2025-11-29 19:54:30,275 [INFO] Finished inserting GCA_042140185.1
2025-11-29 19:54:30,480 [INFO] Finished inserting GCA_037076445.1
2025-11-29 19:54:31,752 [INFO] Finished inserting GCF_032105745.1
2025-11-29 19:54:32,306 [INFO] Finished inserting GCF_022369495.1
2025-11-29 19:54:33,527 [INFO] Finished inserting GCF_026239535.1
2025-11-29 19:54:34,767 [INFO] Finished inserting GCF_031593255.1
2025-11-29 19:54:36,145 [INFO] Finished inserting GCF_019599145.1
2025-11-29 19:54:36,866 [INFO] Finished inserting GCF_045865145.1
2025-11-29 19:54:37,157 [INFO] Finished inserting GCF_028750955.1
2025-11-29 19:54:37,407 [INFO] Finished inserting GCF_019334605.1
2025-11-29 19:54:38,366 [INFO] Finished inserting GCF_005116655.2
2025-11-29 19:54:39,476 [INFO] Finished inserting GCF_041080665.1
2025-11-29 19:54:40,096 [INFO] Finished inserting GCF_003994575.1
2025-11-29 19:54:40,557 [INFO] Finished inserting GCF_009671065.1
2025-11-29 19:54:41,175 [INFO] Finished inserting GCF_020428325.2
2025-11-29 19:54:41,890 [INFO] Finished inserting GCF_030435705.1
2025-11-29 19:54:43,146 [INFO] Finished inserting GCA_019316985.1
2025-11-29 19:54:43,881 [INFO] Finished inserting GCF_041729275.1
2025-11-29 19:54:44,419 [INFO] Finished inserting GCA_037236975.1
2025-11-29 19:54:45,636 [INFO] Finished inserting GCF_038452255.1
2025-11-29 19:54:46,363 [INFO] Finished inserting GCF_009667855.1
2025-11-29 19:54:47,379 [INFO] Finished inserting GCF_030518815.1
2025-11-29 19:54:48,880 [INFO] Finished inserting GCF_040961855.1
2025-11-29 19:54:49,497 [INFO] Finished inserting GCA_016699655.1
2025-11-29 19:54:50,683 [INFO] Finished inserting GCF_009789675.1
2025-11-29 19:54:51,276 [INFO] Finished inserting GCF_030067755.1
2025-11-29 19:54:51,730 [INFO] Finished inserting GCF_044595635.1
2025-11-29 19:54:52,306 [INFO] Finished inserting GCF_024362265.1
2025-11-29 19:54:52,673 [INFO] Finished inserting GCF_021378375.1
2025-11-29 19:54:53,901 [INFO] Finished inserting GCF_032917945.1
2025-11-29 19:54:54,491 [INFO] Finished inserting GCA_042140085.1
2025-11-29 19:54:55,258 [INFO] Finished inserting GCF_030291075.1
2025-11-29 19:54:56,549 [INFO] Finished inserting GCF_028198125.1
2025-11-29 19:54:56,944 [INFO] Finished inserting GCF_040801805.1
2025-11-29 19:54:57,782 [INFO] Finished inserting GCF_023824055.1
2025-11-29 19:54:58,543 [INFO] Finished inserting GCF_022832735.1
2025-11-29 19:54:59,074 [INFO] Finished inserting GCF_030297095.1
2025-11-29 19:54:59,779 [INFO] Finished inserting GCF_017570045.1
2025-11-29 19:55:00,185 [INFO] Finished inserting GCF_039955025.1
2025-11-29 19:55:01,739 [INFO] SLURM_ARRAY_TASK_ID: 3
2025-11-29 19:55:01,739 [INFO] SLURM_ARRAY_TASK_COUNT: 5
2025-11-29 19:55:16,376 [INFO] SLURM_ARRAY_TASK_ID: 3
2025-11-29 19:55:16,377 [INFO] SLURM_ARRAY_TASK_COUNT: 5
