2025-11-29 19:50:20,468 [INFO] SLURM_ARRAY_TASK_ID: 1
2025-11-29 19:50:20,469 [INFO] SLURM_ARRAY_TASK_COUNT: 5
2025-11-29 19:50:30,438 [INFO] Total number of assemblies: 1958
2025-11-29 19:50:31,723 [INFO] Finished inserting GCF_039728355.1
2025-11-29 19:50:32,244 [INFO] Finished inserting GCF_030762805.1
2025-11-29 19:50:32,725 [INFO] Finished inserting GCF_041530365.1
2025-11-29 19:50:33,897 [INFO] Finished inserting GCF_043769475.1
2025-11-29 19:50:34,911 [INFO] Finished inserting GCF_032110285.1
2025-11-29 19:50:36,210 [INFO] Finished inserting GCF_013009255.1
2025-11-29 19:50:36,547 [INFO] Finished inserting GCF_042926695.1
2025-11-29 19:50:37,761 [INFO] Finished inserting GCF_019968745.1
2025-11-29 19:50:38,157 [INFO] Finished inserting GCF_041281755.1
2025-11-29 19:50:39,180 [INFO] Finished inserting GCA_024703935.1
2025-11-29 19:50:40,105 [INFO] Finished inserting GCF_039697315.1
2025-11-29 19:50:40,649 [INFO] Finished inserting GCF_030534335.1
2025-11-29 19:50:41,265 [INFO] Finished inserting GCF_018389385.1
2025-11-29 19:50:41,681 [INFO] Finished inserting GCA_038446615.1
2025-11-29 19:50:42,606 [INFO] Finished inserting GCF_028743655.1
2025-11-29 19:50:43,402 [INFO] Finished inserting GCF_034354675.1
2025-11-29 19:50:43,718 [INFO] Finished inserting GCF_028370195.1
2025-11-29 19:50:44,471 [INFO] Finished inserting GCF_027942095.1
2025-11-29 19:50:44,947 [INFO] Finished inserting GCA_032620915.1
2025-11-29 19:50:45,219 [INFO] Finished inserting GCF_029011845.1
2025-11-29 19:50:45,597 [INFO] Finished inserting GCF_027118995.1
2025-11-29 19:50:46,090 [INFO] Finished inserting GCF_032463465.1
2025-11-29 19:50:46,611 [INFO] Finished inserting GCF_025642115.1
2025-11-29 19:50:47,328 [INFO] Finished inserting GCF_045184165.1
2025-11-29 19:50:47,612 [INFO] Finished inserting GCF_040267765.1
2025-11-29 19:50:48,414 [INFO] Finished inserting GCF_035749045.1
2025-11-29 19:50:48,973 [INFO] Finished inserting GCF_034344045.1
2025-11-29 19:50:49,840 [INFO] Finished inserting GCF_041014805.1
2025-11-29 19:50:50,701 [INFO] Finished inserting GCA_021484765.1
2025-11-29 19:50:51,075 [INFO] Finished inserting GCF_020889625.1
2025-11-29 19:50:51,698 [INFO] Finished inserting GCF_029023725.1
2025-11-29 19:50:52,263 [INFO] Finished inserting GCF_024362345.1
2025-11-29 19:50:53,016 [INFO] Finished inserting GCF_037039395.1
2025-11-29 19:50:53,858 [INFO] Finished inserting GCF_028885605.1
2025-11-29 19:50:54,770 [INFO] Finished inserting GCF_031583025.1
2025-11-29 19:50:55,399 [INFO] Finished inserting GCF_018417475.1
2025-11-29 19:50:56,077 [INFO] Finished inserting GCF_042140215.1
2025-11-29 19:50:56,516 [INFO] Finished inserting GCF_018389405.1
2025-11-29 19:50:57,654 [INFO] Finished inserting GCF_040529335.1
2025-11-29 19:50:58,312 [INFO] Finished inserting GCA_040361705.1
2025-11-29 19:50:59,037 [INFO] Finished inserting GCF_025264645.1
2025-11-29 19:50:59,687 [INFO] Finished inserting GCF_013009555.1
2025-11-29 19:51:00,469 [INFO] Finished inserting GCF_025946565.1
2025-11-29 19:51:01,145 [INFO] Finished inserting GCF_042232855.1
2025-11-29 19:51:01,818 [INFO] Finished inserting GCF_014171575.1
2025-11-29 19:51:02,730 [INFO] Finished inserting GCF_023516215.1
2025-11-29 19:51:03,651 [INFO] Finished inserting GCF_030388745.1
2025-11-29 19:51:04,264 [INFO] Finished inserting GCF_029689965.1
2025-11-29 19:51:04,689 [INFO] Finished inserting GCF_044502415.1
2025-11-29 19:51:04,945 [INFO] Finished inserting GCA_016699465.1
2025-11-29 19:51:05,853 [INFO] Finished inserting GCF_019702485.1
2025-11-29 19:51:06,619 [INFO] Finished inserting GCF_040500475.1
2025-11-29 19:51:08,237 [INFO] Finished inserting GCF_030285665.1
2025-11-29 19:51:09,133 [INFO] Finished inserting GCF_029543045.1
2025-11-29 19:51:09,640 [INFO] Finished inserting GCA_023213235.1
2025-11-29 19:51:10,856 [INFO] Finished inserting GCA_001652265.2
2025-11-29 19:51:11,244 [INFO] Finished inserting GCF_964642095.1
2025-11-29 19:51:12,399 [INFO] Finished inserting GCF_040744945.1
2025-11-29 19:51:13,180 [INFO] Finished inserting GCF_030123185.1
2025-11-29 19:51:13,693 [INFO] Finished inserting GCF_045040565.1
2025-11-29 19:51:14,367 [INFO] Finished inserting GCF_011057975.1
2025-11-29 19:51:14,833 [INFO] Finished inserting GCF_027474845.2
2025-11-29 19:51:15,257 [INFO] Finished inserting GCF_041199985.1
2025-11-29 19:51:16,047 [INFO] Finished inserting GCF_027474825.1
2025-11-29 19:51:16,869 [INFO] Finished inserting GCF_018316795.1
2025-11-29 19:51:17,256 [INFO] Finished inserting GCF_028747645.1
2025-11-29 19:51:18,307 [INFO] Finished inserting GCF_037076395.1
2025-11-29 19:51:18,882 [INFO] Finished inserting GCF_044597075.1
2025-11-29 19:51:19,531 [INFO] Finished inserting GCF_020043425.2
2025-11-29 19:51:19,855 [INFO] Finished inserting GCA_038095565.1
2025-11-29 19:51:20,174 [INFO] Finished inserting GCF_022058185.1
2025-11-29 19:51:21,161 [INFO] Finished inserting GCF_020535385.1
2025-11-29 19:51:21,637 [INFO] Finished inserting GCF_034422975.1
2025-11-29 19:51:22,264 [INFO] Finished inserting GCF_005576575.1
2025-11-29 19:51:22,823 [INFO] Finished inserting GCF_036866465.1
2025-11-29 19:51:23,987 [INFO] Finished inserting GCF_045571465.1
2025-11-29 19:51:24,667 [INFO] Finished inserting GCF_003627015.2
2025-11-29 19:51:25,101 [INFO] Finished inserting GCA_039234925.1
2025-11-29 19:51:25,808 [INFO] Finished inserting GCF_027366555.1
2025-11-29 19:51:26,868 [INFO] Finished inserting GCF_006542315.2
2025-11-29 19:51:27,570 [INFO] Finished inserting GCA_024600055.1
2025-11-29 19:51:28,134 [INFO] Finished inserting GCF_037055305.1
2025-11-29 19:51:28,912 [INFO] Finished inserting GCF_009002535.1
2025-11-29 19:51:29,966 [INFO] Finished inserting GCF_024381035.1
2025-11-29 19:51:30,608 [INFO] Finished inserting GCF_040822085.1
2025-11-29 19:51:31,239 [INFO] Finished inserting GCA_025452255.1
2025-11-29 19:51:32,086 [INFO] Finished inserting GCF_030517155.1
2025-11-29 19:51:32,349 [INFO] Finished inserting GCF_030758775.1
2025-11-29 19:51:33,234 [INFO] Finished inserting GCF_030144325.1
2025-11-29 19:51:33,647 [INFO] Finished inserting GCF_041081565.1
2025-11-29 19:51:34,375 [INFO] Finished inserting GCF_041937585.1
2025-11-29 19:51:34,788 [INFO] Finished inserting GCF_029011495.1
2025-11-29 19:51:35,107 [INFO] Finished inserting GCF_964062635.1
2025-11-29 19:51:35,551 [INFO] Finished inserting GCF_044053895.1
2025-11-29 19:51:36,434 [INFO] Finished inserting GCF_024759365.1
2025-11-29 19:51:37,313 [INFO] Finished inserting GCF_006440675.2
2025-11-29 19:51:38,391 [INFO] Finished inserting GCF_005280735.1
2025-11-29 19:51:38,889 [INFO] Finished inserting GCF_021398215.1
2025-11-29 19:51:39,630 [INFO] Finished inserting GCA_016699165.1
2025-11-29 19:51:40,101 [INFO] Finished inserting GCF_014884545.1
2025-11-29 19:51:40,678 [INFO] Finished inserting GCA_044357145.1
2025-11-29 19:51:40,889 [INFO] Finished inserting GCF_039555305.1
2025-11-29 19:51:41,971 [INFO] Finished inserting GCF_013393905.1
2025-11-29 19:51:42,592 [INFO] Finished inserting GCF_029625295.1
2025-11-29 19:51:42,852 [INFO] Finished inserting GCF_031190595.1
2025-11-29 19:51:43,558 [INFO] Finished inserting GCF_045710645.1
2025-11-29 19:51:43,920 [INFO] Finished inserting GCF_025919725.1
2025-11-29 19:51:44,662 [INFO] Finished inserting GCF_030291095.1
2025-11-29 19:51:45,268 [INFO] Finished inserting GCF_031582905.1
2025-11-29 19:51:46,190 [INFO] Finished inserting GCF_029215835.1
2025-11-29 19:51:46,961 [INFO] Finished inserting GCF_019880465.1
2025-11-29 19:51:47,812 [INFO] Finished inserting GCF_018399035.1
2025-11-29 19:51:48,806 [INFO] Finished inserting GCF_024917695.1
2025-11-29 19:51:50,904 [INFO] Finished inserting GCA_017163995.1
2025-11-29 19:51:51,535 [INFO] Finished inserting GCF_023923185.1
2025-11-29 19:51:52,143 [INFO] Finished inserting GCF_027570015.1
2025-11-29 19:51:52,724 [INFO] Finished inserting GCF_014596855.2
2025-11-29 19:51:53,440 [INFO] Finished inserting GCF_021611515.1
2025-11-29 19:51:54,209 [INFO] Finished inserting GCF_041319955.1
2025-11-29 19:51:55,286 [INFO] Finished inserting GCF_030552875.1
2025-11-29 19:51:55,492 [INFO] Finished inserting GCF_032849005.1
2025-11-29 19:51:56,381 [INFO] Finished inserting GCF_041003725.1
2025-11-29 19:51:56,661 [INFO] Finished inserting GCF_021513215.1
2025-11-29 19:51:57,245 [INFO] Finished inserting GCF_022870925.1
2025-11-29 19:51:57,735 [INFO] Finished inserting GCA_034477985.1
2025-11-29 19:51:58,442 [INFO] Finished inserting GCF_021398995.1
2025-11-29 19:51:59,021 [INFO] Finished inserting GCF_021513235.1
2025-11-29 19:51:59,947 [INFO] Finished inserting GCF_045866535.1
2025-11-29 19:52:00,830 [INFO] Finished inserting GCF_039698855.1
2025-11-29 19:52:01,387 [INFO] Finished inserting GCF_027941775.1
2025-11-29 19:52:01,702 [INFO] Finished inserting GCF_021957085.1
2025-11-29 19:52:02,258 [INFO] Finished inserting GCF_033170365.1
2025-11-29 19:52:03,579 [INFO] Finished inserting GCF_035918295.1
2025-11-29 19:52:04,490 [INFO] Finished inserting GCF_031344995.1
2025-11-29 19:52:05,317 [INFO] Finished inserting GCF_037023725.1
2025-11-29 19:52:05,693 [INFO] Finished inserting GCF_026153635.1
2025-11-29 19:52:06,516 [INFO] Finished inserting GCF_035658295.1
2025-11-29 19:52:07,450 [INFO] Finished inserting GCF_014596785.2
2025-11-29 19:52:08,593 [INFO] Finished inserting GCF_027627435.1
2025-11-29 19:52:09,478 [INFO] Finished inserting GCA_037234985.1
2025-11-29 19:52:10,505 [INFO] Finished inserting GCF_045571495.1
2025-11-29 19:52:11,004 [INFO] Finished inserting GCF_026625305.1
2025-11-29 19:52:11,287 [INFO] Finished inserting GCF_964084875.1
2025-11-29 19:52:12,547 [INFO] Finished inserting GCF_035969035.1
2025-11-29 19:52:13,111 [INFO] Finished inserting GCF_040833965.1
2025-11-29 19:52:13,793 [INFO] Finished inserting GCF_003994815.1
2025-11-29 19:52:14,618 [INFO] Finished inserting GCF_025402875.1
2025-11-29 19:52:15,066 [INFO] Finished inserting GCF_022809775.1
2025-11-29 19:52:15,367 [INFO] Finished inserting GCF_031205055.1
2025-11-29 19:52:16,520 [INFO] Finished inserting GCF_006094315.1
2025-11-29 19:52:16,972 [INFO] Finished inserting GCF_018399015.1
2025-11-29 19:52:17,487 [INFO] Finished inserting GCF_030344915.1
2025-11-29 19:52:18,258 [INFO] Finished inserting GCF_036549575.1
2025-11-29 19:52:18,880 [INFO] Finished inserting GCF_022647325.1
2025-11-29 19:52:19,372 [INFO] Finished inserting GCA_038446195.1
2025-11-29 19:52:19,502 [INFO] Finished inserting GCF_020497585.1
2025-11-29 19:52:20,208 [INFO] Finished inserting GCF_019264725.1
2025-11-29 19:52:20,837 [INFO] Finished inserting GCF_028335145.1
2025-11-29 19:52:21,149 [INFO] Finished inserting GCA_015693905.1
2025-11-29 19:52:22,085 [INFO] Finished inserting GCF_025252265.1
2025-11-29 19:52:22,894 [INFO] Finished inserting GCF_022701015.1
2025-11-29 19:52:23,305 [INFO] Finished inserting GCF_039954625.1
2025-11-29 19:52:24,338 [INFO] Finished inserting GCF_017569345.1
2025-11-29 19:52:24,913 [INFO] Finished inserting GCF_014884505.1
2025-11-29 19:52:25,824 [INFO] Finished inserting GCF_005853645.1
2025-11-29 19:52:26,537 [INFO] Finished inserting GCF_045348005.1
2025-11-29 19:52:26,649 [INFO] Finished inserting GCA_015256915.3
2025-11-29 19:52:27,893 [INFO] Finished inserting GCF_030719215.1
2025-11-29 19:52:28,754 [INFO] Finished inserting GCF_029537235.1
2025-11-29 19:52:29,654 [INFO] Finished inserting GCA_024703855.1
2025-11-29 19:52:30,835 [INFO] Finished inserting GCF_000280725.2
2025-11-29 19:52:31,772 [INFO] Finished inserting GCF_022759525.1
2025-11-29 19:52:32,298 [INFO] Finished inserting GCF_019443765.1
2025-11-29 19:52:33,365 [INFO] Finished inserting GCF_044054595.1
2025-11-29 19:52:33,846 [INFO] Finished inserting GCF_030758755.1
2025-11-29 19:52:34,215 [INFO] Finished inserting GCA_033470255.1
2025-11-29 19:52:35,026 [INFO] Finished inserting GCF_015708675.1
2025-11-29 19:52:35,782 [INFO] Finished inserting GCA_026967495.1
2025-11-29 19:52:36,823 [INFO] Finished inserting GCF_022827705.1
2025-11-29 19:52:37,380 [INFO] Finished inserting GCF_007859675.1
2025-11-29 19:52:37,774 [INFO] Finished inserting GCF_004104465.2
2025-11-29 19:52:38,180 [INFO] Finished inserting GCF_034373425.1
2025-11-29 19:52:38,755 [INFO] Finished inserting GCF_025665335.1
2025-11-29 19:52:39,967 [INFO] Finished inserting GCA_030913305.1
2025-11-29 19:52:40,565 [INFO] Finished inserting GCF_021290385.1
2025-11-29 19:52:41,258 [INFO] Finished inserting GCF_964033635.1
2025-11-29 19:52:41,836 [INFO] Finished inserting GCA_037081865.1
2025-11-29 19:52:42,430 [INFO] Finished inserting GCF_041015235.1
2025-11-29 19:52:42,848 [INFO] Finished inserting GCF_026240815.1
2025-11-29 19:52:43,399 [INFO] Finished inserting GCA_042697855.1
2025-11-29 19:52:43,962 [INFO] Finished inserting GCF_020991125.1
2025-11-29 19:52:45,263 [INFO] Finished inserting GCF_042465085.1
2025-11-29 19:52:45,755 [INFO] Finished inserting GCF_030296755.1
2025-11-29 19:52:46,598 [INFO] Finished inserting GCF_022700995.1
2025-11-29 19:52:47,294 [INFO] Finished inserting GCF_045780835.1
2025-11-29 19:52:47,561 [INFO] Finished inserting GCF_045865005.1
2025-11-29 19:52:47,846 [INFO] Finished inserting GCF_040790795.1
2025-11-29 19:52:48,566 [INFO] Finished inserting GCF_014856545.2
2025-11-29 19:52:48,836 [INFO] Finished inserting GCF_000439915.2
2025-11-29 19:52:49,364 [INFO] Finished inserting GCF_030122745.1
2025-11-29 19:52:49,976 [INFO] Finished inserting GCF_015217905.1
2025-11-29 19:52:50,782 [INFO] Finished inserting GCF_006228345.1
2025-11-29 19:52:51,967 [INFO] Finished inserting GCF_040761425.1
2025-11-29 19:52:52,788 [INFO] Finished inserting GCA_030994205.1
2025-11-29 19:52:53,485 [INFO] Finished inserting GCF_033096445.1
2025-11-29 19:52:53,851 [INFO] Finished inserting GCF_042140145.1
2025-11-29 19:52:54,476 [INFO] Finished inserting GCF_030284585.1
2025-11-29 19:52:55,361 [INFO] Finished inserting GCF_021399015.1
2025-11-29 19:52:56,509 [INFO] Finished inserting GCF_024442315.1
2025-11-29 19:52:56,932 [INFO] Finished inserting GCF_030908465.1
2025-11-29 19:52:57,348 [INFO] Finished inserting GCF_037290055.1
2025-11-29 19:52:58,338 [INFO] Finished inserting GCF_006094495.1
2025-11-29 19:52:59,546 [INFO] Finished inserting GCF_019287315.1
2025-11-29 19:53:00,131 [INFO] Finished inserting GCF_027941795.1
2025-11-29 19:53:01,069 [INFO] Finished inserting GCF_043099735.1
2025-11-29 19:53:01,880 [INFO] Finished inserting GCF_014596815.2
2025-11-29 19:53:02,026 [INFO] Finished inserting GCA_028752135.1
2025-11-29 19:53:02,420 [INFO] Finished inserting GCF_036420115.1
2025-11-29 19:53:03,428 [INFO] Finished inserting GCF_015168335.1
2025-11-29 19:53:04,147 [INFO] Finished inserting GCF_031202305.1
2025-11-29 19:53:04,874 [INFO] Finished inserting GCF_022759505.1
2025-11-29 19:53:05,314 [INFO] Finished inserting GCA_038095535.1
2025-11-29 19:53:05,848 [INFO] Finished inserting GCA_023242925.1
2025-11-29 19:53:06,504 [INFO] Finished inserting GCF_020412445.1
2025-11-29 19:53:06,919 [INFO] Finished inserting GCF_028751035.1
2025-11-29 19:53:07,468 [INFO] Finished inserting GCF_003224315.2
2025-11-29 19:53:08,335 [INFO] Finished inserting GCF_019968705.1
2025-11-29 19:53:08,944 [INFO] Finished inserting GCF_008329985.2
2025-11-29 19:53:09,574 [INFO] Finished inserting GCF_024266645.1
2025-11-29 19:53:10,553 [INFO] Finished inserting GCA_042694155.1
2025-11-29 19:53:11,676 [INFO] Finished inserting GCF_030908285.1
2025-11-29 19:53:12,355 [INFO] Finished inserting GCF_029873395.1
2025-11-29 19:53:12,748 [INFO] Finished inserting GCF_045038405.1
2025-11-29 19:53:13,460 [INFO] Finished inserting GCF_023016265.1
2025-11-29 19:53:14,127 [INFO] Finished inserting GCF_045257525.1
2025-11-29 19:53:14,865 [INFO] Finished inserting GCF_038396325.1
2025-11-29 19:53:15,242 [INFO] Finished inserting GCF_019822885.1
2025-11-29 19:53:15,776 [INFO] Finished inserting GCF_013462805.1
2025-11-29 19:53:16,808 [INFO] Finished inserting GCF_024134545.1
2025-11-29 19:53:17,592 [INFO] Finished inserting GCF_019968685.1
2025-11-29 19:53:18,165 [INFO] Finished inserting GCF_014303955.1
2025-11-29 19:53:18,766 [INFO] Finished inserting GCF_029962585.1
2025-11-29 19:53:19,742 [INFO] Finished inserting GCF_034087045.1
2025-11-29 19:53:20,067 [INFO] Finished inserting GCF_046109915.1
2025-11-29 19:53:20,868 [INFO] Finished inserting GCF_030122805.1
2025-11-29 19:53:21,669 [INFO] Finished inserting GCF_025665315.1
2025-11-29 19:53:22,523 [INFO] Finished inserting GCF_030518795.1
2025-11-29 19:53:23,454 [INFO] Finished inserting GCF_031844645.1
2025-11-29 19:53:24,104 [INFO] Finished inserting GCF_044499995.1
2025-11-29 19:53:24,587 [INFO] Finished inserting GCF_044595335.1
2025-11-29 19:53:25,091 [INFO] Finished inserting GCF_024606005.1
2025-11-29 19:53:25,951 [INFO] Finished inserting GCF_045037875.1
2025-11-29 19:53:26,677 [INFO] Finished inserting GCA_037201705.1
2025-11-29 19:53:27,398 [INFO] Finished inserting GCF_041729615.1
2025-11-29 19:53:27,784 [INFO] Finished inserting GCF_029391915.1
2025-11-29 19:53:28,339 [INFO] Finished inserting GCF_011068285.1
2025-11-29 19:53:28,988 [INFO] Finished inserting GCF_024362385.1
2025-11-29 19:53:29,504 [INFO] Finished inserting GCF_024605895.1
2025-11-29 19:53:30,406 [INFO] Finished inserting GCF_044499985.1
2025-11-29 19:53:31,224 [INFO] Finished inserting GCF_025398015.1
2025-11-29 19:53:31,649 [INFO] Finished inserting GCF_029625275.1
2025-11-29 19:53:32,506 [INFO] Finished inserting GCA_023612635.1
2025-11-29 19:53:32,823 [INFO] Finished inserting GCF_041200005.1
2025-11-29 19:53:33,188 [INFO] Finished inserting GCF_035907395.1
2025-11-29 19:53:33,638 [INFO] Finished inserting GCF_964034995.1
2025-11-29 19:53:34,406 [INFO] Finished inserting GCF_006980565.2
2025-11-29 19:53:34,946 [INFO] Finished inserting GCF_031326125.1
2025-11-29 19:53:35,746 [INFO] Finished inserting GCF_023278085.1
2025-11-29 19:53:36,336 [INFO] Finished inserting GCA_024300805.1
2025-11-29 19:53:36,696 [INFO] Finished inserting GCF_019443945.1
2025-11-29 19:53:37,219 [INFO] Finished inserting GCF_014679925.1
2025-11-29 19:53:37,588 [INFO] Finished inserting GCF_035658435.1
2025-11-29 19:53:38,227 [INFO] Finished inserting GCF_030718995.1
2025-11-29 19:53:39,415 [INFO] Finished inserting GCF_024380055.1
2025-11-29 19:53:40,051 [INFO] Finished inserting GCF_034376465.1
2025-11-29 19:53:40,790 [INFO] Finished inserting GCF_030296615.1
2025-11-29 19:53:41,602 [INFO] Finished inserting GCF_029866425.1
2025-11-29 19:53:42,353 [INFO] Finished inserting GCF_029537015.1
2025-11-29 19:53:42,739 [INFO] Finished inserting GCF_002007085.2
2025-11-29 19:53:43,499 [INFO] Finished inserting GCF_024917975.1
2025-11-29 19:53:44,041 [INFO] Finished inserting GCF_040436395.1
2025-11-29 19:53:44,290 [INFO] Finished inserting GCF_964340835.1
2025-11-29 19:53:44,931 [INFO] Finished inserting GCF_030931715.1
2025-11-29 19:53:45,483 [INFO] Finished inserting GCF_018223625.1
2025-11-29 19:53:46,093 [INFO] Finished inserting GCF_001468185.2
2025-11-29 19:53:47,206 [INFO] Finished inserting GCF_043099725.1
2025-11-29 19:53:48,065 [INFO] Finished inserting GCF_045037975.1
2025-11-29 19:53:48,640 [INFO] Finished inserting GCF_030291935.1
2025-11-29 19:53:49,282 [INFO] Finished inserting GCF_019565455.1
2025-11-29 19:53:50,278 [INFO] Finished inserting GCF_037948395.1
2025-11-29 19:53:50,630 [INFO] Finished inserting GCF_027557675.1
2025-11-29 19:53:51,113 [INFO] Finished inserting GCF_030388305.1
2025-11-29 19:53:51,646 [INFO] Finished inserting GCF_043162025.1
2025-11-29 19:53:52,522 [INFO] Finished inserting GCF_030505695.1
2025-11-29 19:53:52,998 [INFO] Finished inserting GCF_030503795.1
2025-11-29 19:53:53,699 [INFO] Finished inserting GCA_002886105.1
2025-11-29 19:53:54,746 [INFO] Finished inserting GCF_020637575.2
2025-11-29 19:53:55,934 [INFO] Finished inserting GCF_027942015.1
2025-11-29 19:53:56,587 [INFO] Finished inserting GCA_030759595.1
2025-11-29 19:53:57,454 [INFO] Finished inserting GCF_016599655.1
2025-11-29 19:53:57,797 [INFO] Finished inserting GCF_032758595.1
2025-11-29 19:53:58,641 [INFO] Finished inserting GCF_947090825.1
2025-11-29 19:53:59,441 [INFO] Finished inserting GCF_045784335.1
2025-11-29 19:53:59,643 [INFO] Finished inserting GCF_030060925.1
2025-11-29 19:54:01,061 [INFO] Finished inserting GCF_044056785.1
2025-11-29 19:54:01,997 [INFO] Finished inserting GCF_023823795.1
2025-11-29 19:54:02,860 [INFO] Finished inserting GCF_030292135.1
2025-11-29 19:54:03,721 [INFO] Finished inserting GCF_044336365.1
2025-11-29 19:54:04,523 [INFO] Finished inserting GCF_006171285.1
2025-11-29 19:54:05,336 [INFO] Finished inserting GCF_041319905.1
2025-11-29 19:54:05,969 [INFO] Finished inserting GCA_007333575.2
2025-11-29 19:54:06,646 [INFO] Finished inserting GCF_017742995.1
2025-11-29 19:54:07,465 [INFO] Finished inserting GCF_030913705.1
2025-11-29 19:54:08,218 [INFO] Finished inserting GCF_036865485.1
2025-11-29 19:54:09,044 [INFO] Finished inserting GCA_004521945.2
2025-11-29 19:54:09,689 [INFO] Finished inserting GCF_030863805.1
2025-11-29 19:54:10,299 [INFO] Finished inserting GCF_030296555.1
2025-11-29 19:54:10,813 [INFO] Finished inserting GCF_024266955.1
2025-11-29 19:54:11,243 [INFO] Finished inserting GCF_022429565.1
2025-11-29 19:54:12,130 [INFO] Finished inserting GCF_030915465.1
2025-11-29 19:54:12,765 [INFO] Finished inserting GCF_026168555.1
2025-11-29 19:54:13,381 [INFO] Finished inserting GCF_041021955.1
2025-11-29 19:54:14,345 [INFO] Finished inserting GCF_037201975.1
2025-11-29 19:54:14,790 [INFO] Finished inserting GCA_042434925.1
2025-11-29 19:54:15,754 [INFO] Finished inserting GCF_009362995.1
2025-11-29 19:54:16,290 [INFO] Finished inserting GCF_040961385.1
2025-11-29 19:54:16,907 [INFO] Finished inserting GCF_044598075.1
2025-11-29 19:54:17,305 [INFO] Finished inserting GCF_027116455.1
2025-11-29 19:54:18,166 [INFO] Finished inserting GCF_033971265.1
2025-11-29 19:54:18,833 [INFO] Finished inserting GCF_025231525.1
2025-11-29 19:54:19,980 [INFO] Finished inserting GCF_044056015.1
2025-11-29 19:54:20,757 [INFO] Finished inserting GCF_007833955.1
2025-11-29 19:54:21,550 [INFO] Finished inserting GCA_018388625.1
2025-11-29 19:54:21,885 [INFO] Finished inserting GCF_043162015.1
2025-11-29 19:54:22,773 [INFO] Finished inserting GCF_011044475.1
2025-11-29 19:54:23,304 [INFO] Finished inserting GCA_007923165.1
2025-11-29 19:54:23,703 [INFO] Finished inserting GCA_024968345.1
2025-11-29 19:54:24,970 [INFO] Finished inserting GCF_021484945.1
2025-11-29 19:54:25,588 [INFO] Finished inserting GCF_030296835.1
2025-11-29 19:54:26,255 [INFO] Finished inserting GCA_029023745.1
2025-11-29 19:54:26,641 [INFO] Finished inserting GCF_030168495.1
2025-11-29 19:54:27,232 [INFO] Finished inserting GCF_008152325.1
2025-11-29 19:54:27,982 [INFO] Finished inserting GCF_044597005.1
2025-11-29 19:54:28,863 [INFO] Finished inserting GCF_044361575.1
2025-11-29 19:54:29,238 [INFO] Finished inserting GCA_016700055.1
2025-11-29 19:54:29,493 [INFO] Finished inserting GCF_037482165.1
2025-11-29 19:54:29,930 [INFO] Finished inserting GCF_041080865.1
2025-11-29 19:54:30,671 [INFO] Finished inserting GCF_035658495.1
2025-11-29 19:54:31,138 [INFO] Finished inserting GCA_030252205.1
2025-11-29 19:54:31,625 [INFO] Finished inserting GCF_034372165.1
2025-11-29 19:54:32,194 [INFO] Finished inserting GCF_042188925.1
2025-11-29 19:54:33,295 [INFO] Finished inserting GCA_021065985.2
2025-11-29 19:54:33,881 [INFO] Finished inserting GCF_026016445.1
2025-11-29 19:54:34,432 [INFO] Finished inserting GCF_036870955.2
2025-11-29 19:54:35,378 [INFO] Finished inserting GCF_024759405.1
2025-11-29 19:54:36,185 [INFO] Finished inserting GCF_023823835.1
2025-11-29 19:54:37,048 [INFO] Finished inserting GCF_040438925.1
2025-11-29 19:54:37,844 [INFO] Finished inserting GCF_009671145.1
2025-11-29 19:54:38,552 [INFO] Finished inserting GCF_045348255.1
2025-11-29 19:54:39,173 [INFO] Finished inserting GCA_029321015.1
2025-11-29 19:54:39,796 [INFO] Finished inserting GCF_012427845.1
2025-11-29 19:54:40,154 [INFO] Finished inserting GCF_030517085.1
2025-11-29 19:54:41,097 [INFO] Finished inserting GCA_035610185.1
2025-11-29 19:54:42,159 [INFO] Finished inserting GCF_022354485.1
2025-11-29 19:54:42,493 [INFO] Finished inserting GCF_021560575.1
2025-11-29 19:54:43,273 [INFO] Finished inserting GCF_029457495.1
2025-11-29 19:54:44,151 [INFO] Finished inserting GCF_040784925.1
2025-11-29 19:54:44,907 [INFO] Finished inserting GCA_020887765.2
2025-11-29 19:54:45,774 [INFO] Finished inserting GCF_030127045.1
2025-11-29 19:54:46,998 [INFO] Finished inserting GCF_042466665.1
2025-11-29 19:54:47,979 [INFO] Finished inserting GCF_020423045.1
2025-11-29 19:54:48,486 [INFO] Finished inserting GCF_022493055.1
2025-11-29 19:54:48,984 [INFO] Finished inserting GCF_044594925.1
2025-11-29 19:54:49,993 [INFO] Finished inserting GCF_032108445.1
2025-11-29 19:54:50,859 [INFO] Finished inserting GCA_045690295.1
2025-11-29 19:54:51,506 [INFO] Finished inserting GCF_042604575.1
2025-11-29 19:54:52,239 [INFO] Finished inserting GCF_032921865.1
2025-11-29 19:54:52,933 [INFO] Finished inserting GCF_040142795.1
2025-11-29 19:54:53,783 [INFO] Finished inserting GCA_007163885.2
2025-11-29 19:54:54,317 [INFO] Finished inserting GCF_034661295.1
2025-11-29 19:54:55,377 [INFO] Finished inserting GCA_029972295.1
2025-11-29 19:54:56,023 [INFO] Finished inserting GCA_013127575.1
2025-11-29 19:54:57,054 [INFO] Finished inserting GCA_038049915.1
2025-11-29 19:54:57,730 [INFO] Finished inserting GCF_041227765.1
2025-11-29 19:54:58,767 [INFO] Finished inserting GCF_030406905.1
2025-11-29 19:54:59,480 [INFO] Finished inserting GCF_963855525.1
2025-11-29 19:54:59,951 [INFO] Finished inserting GCF_024362365.1
2025-11-29 19:55:00,691 [INFO] Finished inserting GCF_010748935.1
2025-11-29 19:55:01,523 [INFO] Finished inserting GCF_029625315.1
2025-11-29 19:55:02,454 [INFO] Finished inserting GCF_017347385.1
2025-11-29 19:55:03,361 [INFO] Finished inserting GCF_029761955.1
2025-11-29 19:55:04,148 [INFO] Finished inserting GCF_961514395.1
2025-11-29 19:55:05,677 [INFO] SLURM_ARRAY_TASK_ID: 1
2025-11-29 19:55:05,677 [INFO] SLURM_ARRAY_TASK_COUNT: 5
2025-11-29 19:55:16,510 [INFO] SLURM_ARRAY_TASK_ID: 1
2025-11-29 19:55:16,510 [INFO] SLURM_ARRAY_TASK_COUNT: 5
