2025-11-29 19:50:20,468 [INFO] SLURM_ARRAY_TASK_ID: 0
2025-11-29 19:50:20,469 [INFO] SLURM_ARRAY_TASK_COUNT: 5
2025-11-29 19:50:30,438 [INFO] Total number of assemblies: 1958
2025-11-29 19:50:31,406 [INFO] Finished inserting GCF_024734705.1
2025-11-29 19:50:32,165 [INFO] Finished inserting GCF_036865525.1
2025-11-29 19:50:32,850 [INFO] Finished inserting GCF_019039255.1
2025-11-29 19:50:34,062 [INFO] Finished inserting GCF_026967475.1
2025-11-29 19:50:34,732 [INFO] Finished inserting GCA_026503285.1
2025-11-29 19:50:35,234 [INFO] Finished inserting GCF_014884525.1
2025-11-29 19:50:35,588 [INFO] Finished inserting GCF_021957165.1
2025-11-29 19:50:36,613 [INFO] Finished inserting GCF_039407195.1
2025-11-29 19:50:37,037 [INFO] Finished inserting GCF_003048685.2
2025-11-29 19:50:37,486 [INFO] Finished inserting GCF_027557445.1
2025-11-29 19:50:38,398 [INFO] Finished inserting GCA_042083005.1
2025-11-29 19:50:39,003 [INFO] Finished inserting GCF_041877755.1
2025-11-29 19:50:40,153 [INFO] Finished inserting GCF_014189435.1
2025-11-29 19:50:40,496 [INFO] Finished inserting GCF_003403315.2
2025-11-29 19:50:41,063 [INFO] Finished inserting GCF_027944555.1
2025-11-29 19:50:41,814 [INFO] Finished inserting GCF_041409665.1
2025-11-29 19:50:42,760 [INFO] Finished inserting GCF_036352095.1
2025-11-29 19:50:43,933 [INFO] Finished inserting GCF_030866705.2
2025-11-29 19:50:44,150 [INFO] Finished inserting GCA_042995305.1
2025-11-29 19:50:44,604 [INFO] Finished inserting GCF_045002855.1
2025-11-29 19:50:45,313 [INFO] Finished inserting GCF_016865365.1
2025-11-29 19:50:46,270 [INFO] Finished inserting GCF_037023145.1
2025-11-29 19:50:46,834 [INFO] Finished inserting GCF_045291495.1
2025-11-29 19:50:47,469 [INFO] Finished inserting GCA_029168355.1
2025-11-29 19:50:48,186 [INFO] Finished inserting GCA_025916135.1
2025-11-29 19:50:48,598 [INFO] Finished inserting GCF_041344845.1
2025-11-29 19:50:49,302 [INFO] Finished inserting GCF_023518175.1
2025-11-29 19:50:50,126 [INFO] Finished inserting GCF_014596845.2
2025-11-29 19:50:50,794 [INFO] Finished inserting GCA_001597795.2
2025-11-29 19:50:51,499 [INFO] Finished inserting GCF_000590535.2
2025-11-29 19:50:52,227 [INFO] Finished inserting GCF_040822065.1
2025-11-29 19:50:52,923 [INFO] Finished inserting GCF_038396765.1
2025-11-29 19:50:53,230 [INFO] Finished inserting GCA_030544625.1
2025-11-29 19:50:53,949 [INFO] Finished inserting GCF_004089895.1
2025-11-29 19:50:54,994 [INFO] Finished inserting GCF_029773025.1
2025-11-29 19:50:55,432 [INFO] Finished inserting GCF_017352195.1
2025-11-29 19:50:56,239 [INFO] Finished inserting GCF_963311185.1
2025-11-29 19:50:57,154 [INFO] Finished inserting GCF_035918275.1
2025-11-29 19:50:58,161 [INFO] Finished inserting GCF_023824035.1
2025-11-29 19:50:58,677 [INFO] Finished inserting GCA_027920625.1
2025-11-29 19:50:59,459 [INFO] Finished inserting GCF_016134935.2
2025-11-29 19:51:00,153 [INFO] Finished inserting GCF_030122845.1
2025-11-29 19:51:00,805 [INFO] Finished inserting GCF_030062355.1
2025-11-29 19:51:01,023 [INFO] Finished inserting GCA_016700315.1
2025-11-29 19:51:01,915 [INFO] Finished inserting GCF_030016165.2
2025-11-29 19:51:02,291 [INFO] Finished inserting GCF_033547075.1
2025-11-29 19:51:03,024 [INFO] Finished inserting GCF_019339445.1
2025-11-29 19:51:04,029 [INFO] Finished inserting GCF_029910215.1
2025-11-29 19:51:04,824 [INFO] Finished inserting GCF_031199965.1
2025-11-29 19:51:05,313 [INFO] Finished inserting GCF_015218525.1
2025-11-29 19:51:06,474 [INFO] Finished inserting GCA_024298805.1
2025-11-29 19:51:06,896 [INFO] Finished inserting GCF_024582975.1
2025-11-29 19:51:07,405 [INFO] Finished inserting GCF_041199995.1
2025-11-29 19:51:08,142 [INFO] Finished inserting GCF_019623905.1
2025-11-29 19:51:08,992 [INFO] Finished inserting GCF_041319315.1
2025-11-29 19:51:09,995 [INFO] Finished inserting GCF_033343995.1
2025-11-29 19:51:10,281 [INFO] Finished inserting GCA_041410925.1
2025-11-29 19:51:10,741 [INFO] Finished inserting GCF_016745095.1
2025-11-29 19:51:11,704 [INFO] Finished inserting GCF_013284245.2
2025-11-29 19:51:12,574 [INFO] Finished inserting GCA_014189655.1
2025-11-29 19:51:13,288 [INFO] Finished inserting GCF_023078355.1
2025-11-29 19:51:14,196 [INFO] Finished inserting GCF_042696965.1
2025-11-29 19:51:15,018 [INFO] Finished inserting GCF_023333675.1
2025-11-29 19:51:15,757 [INFO] Finished inserting GCF_031432835.1
2025-11-29 19:51:16,933 [INFO] Finished inserting GCF_019710495.1
2025-11-29 19:51:17,367 [INFO] Finished inserting GCA_018672315.1
2025-11-29 19:51:18,003 [INFO] Finished inserting GCF_032191775.1
2025-11-29 19:51:19,431 [INFO] Finished inserting GCF_019285695.1
2025-11-29 19:51:20,032 [INFO] Finished inserting GCF_014931565.1
2025-11-29 19:51:21,232 [INFO] Finished inserting GCF_021441825.1
2025-11-29 19:51:22,078 [INFO] Finished inserting GCF_026210455.1
2025-11-29 19:51:22,671 [INFO] Finished inserting GCF_036322605.1
2025-11-29 19:51:23,409 [INFO] Finished inserting GCF_026683955.1
2025-11-29 19:51:24,391 [INFO] Finished inserting GCF_041319915.1
2025-11-29 19:51:25,320 [INFO] Finished inserting GCF_040429625.1
2025-11-29 19:51:25,987 [INFO] Finished inserting GCF_042701255.1
2025-11-29 19:51:26,582 [INFO] Finished inserting GCA_025232375.1
2025-11-29 19:51:27,004 [INFO] Finished inserting GCF_030296935.1
2025-11-29 19:51:27,406 [INFO] Finished inserting GCF_030908405.1
2025-11-29 19:51:28,365 [INFO] Finished inserting GCA_007182875.1
2025-11-29 19:51:28,983 [INFO] Finished inserting GCF_037890695.1
2025-11-29 19:51:29,706 [INFO] Finished inserting GCA_030544685.1
2025-11-29 19:51:30,207 [INFO] Finished inserting GCF_042140135.1
2025-11-29 19:51:30,530 [INFO] Finished inserting GCF_029223725.1
2025-11-29 19:51:31,022 [INFO] Finished inserting GCA_016699445.1
2025-11-29 19:51:31,917 [INFO] Finished inserting GCF_024652905.1
2025-11-29 19:51:32,635 [INFO] Finished inserting GCF_006351725.2
2025-11-29 19:51:33,135 [INFO] Finished inserting GCF_042695135.1
2025-11-29 19:51:34,176 [INFO] Finished inserting GCF_040556325.1
2025-11-29 19:51:34,657 [INFO] Finished inserting GCA_036540995.1
2025-11-29 19:51:34,897 [INFO] Finished inserting GCF_030323565.1
2025-11-29 19:51:35,183 [INFO] Finished inserting GCF_964063445.1
2025-11-29 19:51:35,725 [INFO] Finished inserting GCF_042140105.1
2025-11-29 19:51:36,346 [INFO] Finished inserting GCF_040360365.1
2025-11-29 19:51:37,408 [INFO] Finished inserting GCF_041320265.1
2025-11-29 19:51:38,202 [INFO] Finished inserting GCF_028451225.2
2025-11-29 19:51:38,761 [INFO] Finished inserting GCF_040833975.1
2025-11-29 19:51:39,906 [INFO] Finished inserting GCF_041228775.1
2025-11-29 19:51:40,775 [INFO] Finished inserting GCF_032401055.1
2025-11-29 19:51:41,325 [INFO] Finished inserting GCF_023973125.1
2025-11-29 19:51:41,860 [INFO] Finished inserting GCF_030123425.1
2025-11-29 19:51:42,542 [INFO] Finished inserting GCF_030848765.1
2025-11-29 19:51:42,799 [INFO] Finished inserting GCA_029011575.1
2025-11-29 19:51:43,494 [INFO] Finished inserting GCF_003797775.2
2025-11-29 19:51:44,507 [INFO] Finished inserting GCF_029201645.1
2025-11-29 19:51:45,171 [INFO] Finished inserting GCF_033412715.1
2025-11-29 19:51:46,398 [INFO] Finished inserting GCF_025642155.1
2025-11-29 19:51:46,909 [INFO] Finished inserting GCF_026914305.1
2025-11-29 19:51:47,057 [INFO] Finished inserting GCF_023016305.1
2025-11-29 19:51:47,449 [INFO] Finished inserting GCF_040364225.1
2025-11-29 19:51:48,475 [INFO] Finished inserting GCF_044865155.1
2025-11-29 19:51:49,043 [INFO] Finished inserting GCF_041075135.1
2025-11-29 19:51:49,607 [INFO] Finished inserting GCF_026625065.1
2025-11-29 19:51:50,195 [INFO] Finished inserting GCF_040207125.1
2025-11-29 19:51:51,023 [INFO] Finished inserting GCF_022059845.1
2025-11-29 19:51:51,901 [INFO] Finished inserting GCF_013347965.1
2025-11-29 19:51:52,800 [INFO] Finished inserting GCF_023278105.1
2025-11-29 19:51:53,369 [INFO] Finished inserting GCF_032680905.1
2025-11-29 19:51:53,973 [INFO] Finished inserting GCF_015034585.1
2025-11-29 19:51:54,466 [INFO] Finished inserting GCF_046111155.1
2025-11-29 19:51:55,580 [INFO] Finished inserting GCF_042691665.1
2025-11-29 19:51:55,974 [INFO] Finished inserting GCF_046097215.1
2025-11-29 19:51:56,427 [INFO] Finished inserting GCF_028009925.1
2025-11-29 19:51:57,334 [INFO] Finished inserting GCF_039134555.1
2025-11-29 19:51:57,878 [INFO] Finished inserting GCF_023373785.1
2025-11-29 19:51:58,289 [INFO] Finished inserting GCF_040364415.1
2025-11-29 19:51:58,852 [INFO] Finished inserting GCF_011047315.1
2025-11-29 19:52:00,261 [INFO] Finished inserting GCA_030622875.1
2025-11-29 19:52:01,314 [INFO] Finished inserting GCF_045037865.1
2025-11-29 19:52:01,936 [INFO] Finished inserting GCF_042694625.1
2025-11-29 19:52:02,403 [INFO] Finished inserting GCF_024605785.1
2025-11-29 19:52:02,634 [INFO] Finished inserting GCF_044054575.1
2025-11-29 19:52:03,380 [INFO] Finished inserting GCF_019226825.1
2025-11-29 19:52:03,892 [INFO] Finished inserting GCA_041879355.1
2025-11-29 19:52:04,546 [INFO] Finished inserting GCF_030994125.1
2025-11-29 19:52:05,435 [INFO] Finished inserting GCF_042137985.1
2025-11-29 19:52:05,736 [INFO] Finished inserting GCF_006777025.1
2025-11-29 19:52:06,138 [INFO] Finished inserting GCF_026240795.1
2025-11-29 19:52:06,643 [INFO] Finished inserting GCF_023700225.1
2025-11-29 19:52:07,355 [INFO] Finished inserting GCF_011466815.1
2025-11-29 19:52:07,973 [INFO] Finished inserting GCF_009493695.2
2025-11-29 19:52:09,219 [INFO] Finished inserting GCF_029910075.1
2025-11-29 19:52:09,835 [INFO] Finished inserting GCF_025244985.1
2025-11-29 19:52:10,307 [INFO] Finished inserting GCF_034376615.1
2025-11-29 19:52:10,586 [INFO] Finished inserting GCF_035066605.1
2025-11-29 19:52:11,487 [INFO] Finished inserting GCF_040448675.1
2025-11-29 19:52:12,082 [INFO] Finished inserting GCF_013693775.1
2025-11-29 19:52:12,333 [INFO] Finished inserting GCF_040256845.1
2025-11-29 19:52:12,993 [INFO] Finished inserting GCF_030263895.1
2025-11-29 19:52:14,044 [INFO] Finished inserting GCA_038049885.1
2025-11-29 19:52:15,151 [INFO] Finished inserting GCF_036967205.1
2025-11-29 19:52:15,594 [INFO] Finished inserting GCF_046115725.1
2025-11-29 19:52:15,951 [INFO] Finished inserting GCF_964065115.1
2025-11-29 19:52:16,756 [INFO] Finished inserting GCF_024508255.1
2025-11-29 19:52:17,448 [INFO] Finished inserting GCF_009832885.1
2025-11-29 19:52:18,149 [INFO] Finished inserting GCF_029398215.1
2025-11-29 19:52:18,945 [INFO] Finished inserting GCA_024426085.1
2025-11-29 19:52:19,463 [INFO] Finished inserting GCF_030345315.1
2025-11-29 19:52:20,545 [INFO] Finished inserting GCF_018866325.1
2025-11-29 19:52:21,338 [INFO] Finished inserting GCF_007923145.1
2025-11-29 19:52:21,911 [INFO] Finished inserting GCF_030643805.1
2025-11-29 19:52:22,297 [INFO] Finished inserting GCF_038396345.1
2025-11-29 19:52:22,971 [INFO] Finished inserting GCA_045278705.1
2025-11-29 19:52:23,357 [INFO] Finished inserting GCF_044597695.1
2025-11-29 19:52:24,028 [INFO] Finished inserting GCF_027498035.1
2025-11-29 19:52:24,868 [INFO] Finished inserting GCF_024918355.1
2025-11-29 19:52:25,929 [INFO] Finished inserting GCF_029215815.1
2025-11-29 19:52:26,847 [INFO] Finished inserting GCF_044784385.1
2025-11-29 19:52:27,681 [INFO] Finished inserting GCF_015999585.1
2025-11-29 19:52:28,435 [INFO] Finished inserting GCF_025263725.1
2025-11-29 19:52:29,027 [INFO] Finished inserting GCF_002005285.1
2025-11-29 19:52:29,193 [INFO] Finished inserting GCF_027942315.1
2025-11-29 19:52:29,727 [INFO] Finished inserting GCF_026240635.1
2025-11-29 19:52:30,272 [INFO] Finished inserting GCA_016699405.1
2025-11-29 19:52:30,623 [INFO] Finished inserting GCF_040790725.1
2025-11-29 19:52:31,076 [INFO] Finished inserting GCF_019703875.1
2025-11-29 19:52:31,915 [INFO] Finished inserting GCF_019739075.1
2025-11-29 19:52:32,655 [INFO] Finished inserting GCF_034423835.1
2025-11-29 19:52:33,730 [INFO] Finished inserting GCF_003994735.1
2025-11-29 19:52:33,960 [INFO] Finished inserting GCF_040084705.1
2025-11-29 19:52:34,139 [INFO] Finished inserting GCF_009936335.1
2025-11-29 19:52:34,731 [INFO] Finished inserting GCF_021729945.1
2025-11-29 19:52:35,534 [INFO] Finished inserting GCF_009646115.1
2025-11-29 19:52:35,821 [INFO] Finished inserting GCF_023277705.1
2025-11-29 19:52:36,170 [INFO] Finished inserting GCF_033564055.1
2025-11-29 19:52:36,707 [INFO] Finished inserting GCF_044359855.1
2025-11-29 19:52:37,189 [INFO] Finished inserting GCF_030864095.1
2025-11-29 19:52:37,351 [INFO] Finished inserting GCA_045401115.1
2025-11-29 19:52:37,845 [INFO] Finished inserting GCF_030758615.1
2025-11-29 19:52:38,459 [INFO] Finished inserting GCF_021398465.1
2025-11-29 19:52:38,983 [INFO] Finished inserting GCF_031583595.1
2025-11-29 19:52:39,420 [INFO] Finished inserting GCF_030296575.1
2025-11-29 19:52:40,203 [INFO] Finished inserting GCF_040112695.1
2025-11-29 19:52:40,955 [INFO] Finished inserting GCF_044056025.1
2025-11-29 19:52:41,436 [INFO] Finished inserting GCF_004102925.1
2025-11-29 19:52:42,193 [INFO] Finished inserting GCF_042245395.1
2025-11-29 19:52:42,915 [INFO] Finished inserting GCF_029962125.1
2025-11-29 19:52:43,514 [INFO] Finished inserting GCF_016801775.1
2025-11-29 19:52:44,176 [INFO] Finished inserting GCF_021379005.1
2025-11-29 19:52:45,205 [INFO] Finished inserting GCF_041545735.1
2025-11-29 19:52:45,868 [INFO] Finished inserting GCF_039619525.1
2025-11-29 19:52:47,001 [INFO] Finished inserting GCF_045571455.1
2025-11-29 19:52:47,151 [INFO] Finished inserting GCA_016699775.1
2025-11-29 19:52:47,708 [INFO] Finished inserting GCF_042140225.1
2025-11-29 19:52:48,273 [INFO] Finished inserting GCF_036322645.1
2025-11-29 19:52:49,089 [INFO] Finished inserting GCF_030123445.1
2025-11-29 19:52:49,610 [INFO] Finished inserting GCF_019603315.1
2025-11-29 19:52:50,350 [INFO] Finished inserting GCF_021276285.1
2025-11-29 19:52:51,126 [INFO] Finished inserting GCF_029855085.1
2025-11-29 19:52:51,501 [INFO] Finished inserting GCF_027569975.1
2025-11-29 19:52:52,147 [INFO] Finished inserting GCF_017301695.1
2025-11-29 19:52:52,909 [INFO] Finished inserting GCF_025765795.1
2025-11-29 19:52:53,695 [INFO] Finished inserting GCF_024758225.1
2025-11-29 19:52:54,875 [INFO] Finished inserting GCF_005944105.1
2025-11-29 19:52:55,430 [INFO] Finished inserting GCF_029674565.1
2025-11-29 19:52:56,089 [INFO] Finished inserting GCA_011302515.1
2025-11-29 19:52:56,676 [INFO] Finished inserting GCF_016865385.1
2025-11-29 19:52:57,186 [INFO] Finished inserting GCF_007859635.1
2025-11-29 19:52:57,485 [INFO] Finished inserting GCA_024970245.1
2025-11-29 19:52:57,986 [INFO] Finished inserting GCF_044591705.1
2025-11-29 19:52:58,192 [INFO] Finished inserting GCF_030295865.1
2025-11-29 19:52:59,416 [INFO] Finished inserting GCF_018223725.1
2025-11-29 19:53:00,265 [INFO] Finished inserting GCF_029201625.2
2025-11-29 19:53:01,026 [INFO] Finished inserting GCF_042696275.1
2025-11-29 19:53:02,146 [INFO] Finished inserting GCF_041080675.1
2025-11-29 19:53:02,704 [INFO] Finished inserting GCF_042700505.1
2025-11-29 19:53:03,587 [INFO] Finished inserting GCF_029395675.1
2025-11-29 19:53:04,968 [INFO] Finished inserting GCF_034562915.1
2025-11-29 19:53:05,734 [INFO] Finished inserting GCA_022539555.1
2025-11-29 19:53:06,619 [INFO] Finished inserting GCF_022437945.1
2025-11-29 19:53:07,217 [INFO] Finished inserting GCA_016699855.1
2025-11-29 19:53:08,063 [INFO] Finished inserting GCF_021223605.1
2025-11-29 19:53:08,669 [INFO] Finished inserting GCF_039613855.1
2025-11-29 19:53:09,465 [INFO] Finished inserting GCF_016599635.1
2025-11-29 19:53:09,926 [INFO] Finished inserting GCF_036632915.2
2025-11-29 19:53:10,445 [INFO] Finished inserting GCF_000466905.3
2025-11-29 19:53:11,571 [INFO] Finished inserting GCF_031767055.1
2025-11-29 19:53:12,206 [INFO] Finished inserting GCF_033571935.1
2025-11-29 19:53:12,866 [INFO] Finished inserting GCF_044501185.1
2025-11-29 19:53:13,144 [INFO] Finished inserting GCF_043161965.1
2025-11-29 19:53:13,678 [INFO] Finished inserting GCF_031198435.1
2025-11-29 19:53:14,172 [INFO] Finished inserting GCA_013693895.1
2025-11-29 19:53:15,197 [INFO] Finished inserting GCA_024703815.1
2025-11-29 19:53:15,883 [INFO] Finished inserting GCF_015243575.1
2025-11-29 19:53:16,213 [INFO] Finished inserting GCF_964642115.1
2025-11-29 19:53:17,122 [INFO] Finished inserting GCF_045571475.1
2025-11-29 19:53:17,533 [INFO] Finished inserting GCF_029625335.1
2025-11-29 19:53:18,428 [INFO] Finished inserting GCA_030544665.1
2025-11-29 19:53:19,581 [INFO] Finished inserting GCF_029910195.1
2025-11-29 19:53:20,387 [INFO] Finished inserting GCA_030388825.1
2025-11-29 19:53:21,514 [INFO] Finished inserting GCF_032917985.1
2025-11-29 19:53:21,765 [INFO] Finished inserting GCF_024138855.1
2025-11-29 19:53:22,219 [INFO] Finished inserting GCF_003515915.2
2025-11-29 19:53:23,058 [INFO] Finished inserting GCF_010646885.2
2025-11-29 19:53:24,170 [INFO] Finished inserting GCA_030323305.1
2025-11-29 19:53:24,511 [INFO] Finished inserting GCF_026810225.1
2025-11-29 19:53:24,860 [INFO] Finished inserting GCF_030517065.1
2025-11-29 19:53:25,466 [INFO] Finished inserting GCF_045037855.1
2025-11-29 19:53:26,103 [INFO] Finished inserting GCF_020525465.1
2025-11-29 19:53:26,592 [INFO] Finished inserting GCF_040371335.1
2025-11-29 19:53:27,326 [INFO] Finished inserting GCF_030913345.1
2025-11-29 19:53:27,667 [INFO] Finished inserting GCF_021957185.1
2025-11-29 19:53:28,189 [INFO] Finished inserting GCA_032594495.1
2025-11-29 19:53:29,073 [INFO] Finished inserting GCF_024721175.1
2025-11-29 19:53:29,889 [INFO] Finished inserting GCF_030505435.1
2025-11-29 19:53:30,895 [INFO] Finished inserting GCF_045160025.1
2025-11-29 19:53:31,597 [INFO] Finished inserting GCF_017577085.1
2025-11-29 19:53:32,567 [INFO] Finished inserting GCF_017068035.1
2025-11-29 19:53:33,233 [INFO] Finished inserting GCF_003064405.2
2025-11-29 19:53:34,011 [INFO] Finished inserting GCF_037076485.1
2025-11-29 19:53:35,038 [INFO] Finished inserting GCF_009578005.1
2025-11-29 19:53:35,705 [INFO] Finished inserting GCF_003359505.1
2025-11-29 19:53:36,439 [INFO] Finished inserting GCF_019968805.1
2025-11-29 19:53:37,360 [INFO] Finished inserting GCF_036865505.1
2025-11-29 19:53:37,953 [INFO] Finished inserting GCF_019355055.1
2025-11-29 19:53:38,285 [INFO] Finished inserting GCF_013113755.1
2025-11-29 19:53:39,516 [INFO] Finished inserting GCF_046197085.1
2025-11-29 19:53:40,171 [INFO] Finished inserting GCF_036326985.1
2025-11-29 19:53:40,934 [INFO] Finished inserting GCA_030011535.1
2025-11-29 19:53:41,219 [INFO] Finished inserting GCF_040267755.1
2025-11-29 19:53:41,838 [INFO] Finished inserting GCF_045040605.1
2025-11-29 19:53:42,217 [INFO] Finished inserting GCF_007795095.1
2025-11-29 19:53:42,893 [INFO] Finished inserting GCF_034374265.1
2025-11-29 19:53:43,978 [INFO] Finished inserting GCA_035921805.1
2025-11-29 19:53:44,583 [INFO] Finished inserting GCF_004115325.2
2025-11-29 19:53:45,157 [INFO] Finished inserting GCF_038106905.1
2025-11-29 19:53:45,821 [INFO] Finished inserting GCF_022867795.2
2025-11-29 19:53:46,265 [INFO] Finished inserting GCF_021654855.1
2025-11-29 19:53:46,628 [INFO] Finished inserting GCA_008118325.1
2025-11-29 19:53:47,475 [INFO] Finished inserting GCF_026314315.1
2025-11-29 19:53:48,568 [INFO] Finished inserting GCF_001854205.2
2025-11-29 19:53:49,091 [INFO] Finished inserting GCF_033723955.1
2025-11-29 19:53:49,762 [INFO] Finished inserting GCA_030544525.1
2025-11-29 19:53:50,448 [INFO] Finished inserting GCF_027943665.1
2025-11-29 19:53:51,434 [INFO] Finished inserting GCF_020520165.1
2025-11-29 19:53:52,566 [INFO] Finished inserting GCF_026170095.1
2025-11-29 19:53:53,381 [INFO] Finished inserting GCF_028215955.1
2025-11-29 19:53:54,939 [INFO] Finished inserting GCF_030285645.1
2025-11-29 19:53:55,253 [INFO] Finished inserting GCF_033145555.1
2025-11-29 19:53:55,977 [INFO] Finished inserting GCF_025946525.1
2025-11-29 19:53:56,962 [INFO] Finished inserting GCF_034424625.1
2025-11-29 19:53:57,323 [INFO] Finished inserting GCF_031445945.1
2025-11-29 19:53:57,631 [INFO] Finished inserting GCF_040364775.1
2025-11-29 19:53:58,418 [INFO] Finished inserting GCA_032615215.1
2025-11-29 19:53:59,097 [INFO] Finished inserting GCF_023023665.1
2025-11-29 19:53:59,174 [INFO] Finished inserting GCA_964022915.1
2025-11-29 19:53:59,380 [INFO] Finished inserting GCA_045401155.1
2025-11-29 19:54:00,164 [INFO] Finished inserting GCF_045278925.1
2025-11-29 19:54:00,979 [INFO] Finished inserting GCF_005116675.2
2025-11-29 19:54:01,788 [INFO] Finished inserting GCF_023920205.1
2025-11-29 19:54:02,144 [INFO] Finished inserting GCF_020510245.1
2025-11-29 19:54:02,632 [INFO] Finished inserting GCF_009707485.1
2025-11-29 19:54:03,388 [INFO] Finished inserting GCF_014168535.1
2025-11-29 19:54:04,049 [INFO] Finished inserting GCF_031202855.1
2025-11-29 19:54:04,599 [INFO] Finished inserting GCF_025723105.1
2025-11-29 19:54:05,388 [INFO] Finished inserting GCF_042494895.1
2025-11-29 19:54:05,928 [INFO] Finished inserting GCF_040409885.1
2025-11-29 19:54:06,576 [INFO] Finished inserting GCA_041879365.1
2025-11-29 19:54:07,633 [INFO] Finished inserting GCF_042698915.1
2025-11-29 19:54:08,420 [INFO] Finished inserting GCF_038396755.1
2025-11-29 19:54:09,104 [INFO] Finished inserting GCF_006094695.1
2025-11-29 19:54:09,838 [INFO] Finished inserting GCF_024365005.1
2025-11-29 19:54:10,516 [INFO] Finished inserting GCF_030440425.1
2025-11-29 19:54:11,175 [INFO] Finished inserting GCF_042850945.1
2025-11-29 19:54:12,077 [INFO] Finished inserting GCA_028131375.1
2025-11-29 19:54:12,838 [INFO] Finished inserting GCF_042214795.1
2025-11-29 19:54:13,490 [INFO] Finished inserting GCF_025946545.1
2025-11-29 19:54:14,121 [INFO] Finished inserting GCF_905175365.1
2025-11-29 19:54:14,747 [INFO] Finished inserting GCF_013171305.1
2025-11-29 19:54:15,301 [INFO] Finished inserting GCF_019357415.1
2025-11-29 19:54:15,531 [INFO] Finished inserting GCA_016699425.1
2025-11-29 19:54:16,335 [INFO] Finished inserting GCF_045343875.1
2025-11-29 19:54:16,994 [INFO] Finished inserting GCF_014596835.2
2025-11-29 19:54:17,383 [INFO] Finished inserting GCF_025837015.1
2025-11-29 19:54:18,065 [INFO] Finished inserting GCF_041225435.1
2025-11-29 19:54:18,751 [INFO] Finished inserting GCF_044881185.1
2025-11-29 19:54:20,123 [INFO] Finished inserting GCF_041346945.1
2025-11-29 19:54:20,649 [INFO] Finished inserting GCF_030296695.1
2025-11-29 19:54:21,673 [INFO] Finished inserting GCF_021216675.1
2025-11-29 19:54:22,702 [INFO] Finished inserting GCF_025643495.1
2025-11-29 19:54:23,671 [INFO] Finished inserting GCF_017569325.2
2025-11-29 19:54:24,900 [INFO] Finished inserting GCF_026239515.1
2025-11-29 19:54:25,369 [INFO] Finished inserting GCF_011064265.1
2025-11-29 19:54:26,030 [INFO] Finished inserting GCF_037113525.1
2025-11-29 19:54:26,708 [INFO] Finished inserting GCA_040208185.1
2025-11-29 19:54:27,775 [INFO] Finished inserting GCF_026802215.1
2025-11-29 19:54:28,128 [INFO] Finished inserting GCF_029536205.1
2025-11-29 19:54:28,801 [INFO] Finished inserting GCA_023612615.1
2025-11-29 19:54:29,463 [INFO] Finished inserting GCF_034424435.1
2025-11-29 19:54:30,175 [INFO] Finished inserting GCF_040970185.1
2025-11-29 19:54:30,565 [INFO] Finished inserting GCF_024300645.1
2025-11-29 19:54:31,590 [INFO] Finished inserting GCF_024734645.1
2025-11-29 19:54:32,086 [INFO] Finished inserting GCF_044596365.1
2025-11-29 19:54:33,010 [INFO] Finished inserting GCF_026686735.1
2025-11-29 19:54:33,752 [INFO] Finished inserting GCF_019931635.1
2025-11-29 19:54:34,286 [INFO] Finished inserting GCA_020524525.2
2025-11-29 19:54:34,698 [INFO] Finished inserting GCF_032769475.1
2025-11-29 19:54:35,452 [INFO] Finished inserting GCF_021582875.1
2025-11-29 19:54:36,241 [INFO] Finished inserting GCF_032367395.1
2025-11-29 19:54:36,936 [INFO] Finished inserting GCF_021398485.1
2025-11-29 19:54:37,667 [INFO] Finished inserting GCF_022846615.1
2025-11-29 19:54:38,148 [INFO] Finished inserting GCF_036428785.1
2025-11-29 19:54:38,607 [INFO] Finished inserting GCF_041153465.1
2025-11-29 19:54:39,013 [INFO] Finished inserting GCA_029961705.1
2025-11-29 19:54:39,522 [INFO] Finished inserting GCF_017498625.1
2025-11-29 19:54:40,052 [INFO] Finished inserting GCF_036362845.1
2025-11-29 19:54:40,806 [INFO] Finished inserting GCF_019334425.1
2025-11-29 19:54:41,687 [INFO] Finished inserting GCF_035758505.1
2025-11-29 19:54:42,299 [INFO] Finished inserting GCF_034424295.1
2025-11-29 19:54:42,879 [INFO] Finished inserting GCF_045012825.1
2025-11-29 19:54:43,824 [INFO] Finished inserting GCF_042695725.1
2025-11-29 19:54:44,668 [INFO] Finished inserting GCF_023094055.1
2025-11-29 19:54:45,539 [INFO] Finished inserting GCF_030915445.1
2025-11-29 19:54:46,459 [INFO] Finished inserting GCF_030166435.1
2025-11-29 19:54:46,912 [INFO] Finished inserting GCA_013693835.1
2025-11-29 19:54:47,639 [INFO] Finished inserting GCF_034353875.1
2025-11-29 19:54:48,046 [INFO] Finished inserting GCF_024220135.1
2025-11-29 19:54:49,080 [INFO] Finished inserting GCF_045571435.1
2025-11-29 19:54:49,883 [INFO] Finished inserting GCF_023823875.1
2025-11-29 19:54:50,742 [INFO] Finished inserting GCF_016925575.1
2025-11-29 19:54:50,921 [INFO] Finished inserting GCF_024730665.1
2025-11-29 19:54:51,394 [INFO] Finished inserting GCF_019856495.1
2025-11-29 19:54:51,850 [INFO] Finished inserting GCA_040954445.1
2025-11-29 19:54:52,445 [INFO] Finished inserting GCF_026013985.1
2025-11-29 19:54:53,033 [INFO] Finished inserting GCF_030067815.1
2025-11-29 19:54:53,736 [INFO] Finished inserting GCF_044905095.1
2025-11-29 19:54:54,548 [INFO] Finished inserting GCF_033110285.1
2025-11-29 19:54:55,198 [INFO] Finished inserting GCF_026410845.1
2025-11-29 19:54:55,841 [INFO] Finished inserting GCF_022700795.1
2025-11-29 19:54:56,647 [INFO] Finished inserting GCF_016811995.1
2025-11-29 19:54:57,668 [INFO] Finished inserting GCF_014189535.1
2025-11-29 19:54:58,196 [INFO] Finished inserting GCF_046115515.1
2025-11-29 19:54:59,751 [INFO] SLURM_ARRAY_TASK_ID: 0
2025-11-29 19:54:59,751 [INFO] SLURM_ARRAY_TASK_COUNT: 5
2025-11-29 19:55:26,516 [INFO] Finished inserting protein_cluster
2025-11-29 19:55:28,201 [INFO] SLURM_ARRAY_TASK_ID: 0
2025-11-29 19:55:28,201 [INFO] SLURM_ARRAY_TASK_COUNT: 5
2025-11-29 19:55:29,251 [INFO] Finished inserting metadata
